{
  "stats": {
    "suites": 1,
    "tests": 4,
    "passes": 3,
    "pending": 0,
    "failures": 1,
    "start": "2022-05-11T10:23:59.892Z",
    "end": "2022-05-11T10:24:42.379Z",
    "duration": 42487,
    "testsRegistered": 4,
    "passPercent": 75,
    "pendingPercent": 0,
    "other": 0,
    "hasOther": false,
    "skipped": 0,
    "hasSkipped": false
  },
  "results": [
    {
      "uuid": "f6c6c6e6-2139-4e59-a7fd-021fdbf140f9",
      "title": "",
      "fullFile": "cypress/integration/TESTCASES/login.spec.js",
      "file": "cypress/integration/TESTCASES/login.spec.js",
      "beforeHooks": [],
      "afterHooks": [],
      "tests": [],
      "suites": [
        {
          "uuid": "3d1ca369-8842-4a0f-98a1-a377ca134e95",
          "title": "Launch App",
          "fullFile": "",
          "file": "",
          "beforeHooks": [],
          "afterHooks": [],
          "tests": [
            {
              "title": "Without Entering Any Data Click on Login button",
              "fullTitle": "Launch App Without Entering Any Data Click on Login button",
              "timedOut": null,
              "duration": 18785,
              "state": "failed",
              "speed": null,
              "pass": false,
              "fail": true,
              "pending": false,
              "context": null,
              "code": "_LoginPage.default.click_Loginlink();\n_LoginPage.default.login_btn();\n_LoginPage.default.errormessage().should('have.text', 'Error1: Username is required.');",
              "err": {
                "message": "AssertionError: Timed out retrying after 10000ms: expected '<li>' to have text 'Error1: Username is required.', but the text was 'Error: Username is required.'",
                "estack": "AssertionError: Timed out retrying after 10000ms: expected '<li>' to have text 'Error1: Username is required.', but the text was 'Error: Username is required.'\n    at Context.eval (http://practice.automationtesting.in/__cypress/tests?p=cypress/integration/TESTCASES/login.spec.js:231:39)",
                "diff": "- 'Error: Username is required.'\n+ 'Error1: Username is required.'\n"
              },
              "uuid": "f684dda3-5b97-4b46-a832-e08e713ec6a6",
              "parentUUID": "3d1ca369-8842-4a0f-98a1-a377ca134e95",
              "isHook": false,
              "skipped": false
            },
            {
              "title": "Only Fillup Username & click on login button",
              "fullTitle": "Launch App Only Fillup Username & click on login button",
              "timedOut": null,
              "duration": 7281,
              "state": "passed",
              "speed": "medium",
              "pass": true,
              "fail": false,
              "pending": false,
              "context": null,
              "code": "_LoginPage.default.click_Loginlink();\n_LoginPage.default.fillusername('KIBQOQBYZW@gmail.com');\n_LoginPage.default.login_btn();\n_LoginPage.default.errormessage().should('have.text', 'Error: Password is required.');",
              "err": {},
              "uuid": "fede6631-ec55-4043-a789-589342c6494f",
              "parentUUID": "3d1ca369-8842-4a0f-98a1-a377ca134e95",
              "isHook": false,
              "skipped": false
            },
            {
              "title": "Invalid Username & Password",
              "fullTitle": "Launch App Invalid Username & Password",
              "timedOut": null,
              "duration": 6040,
              "state": "passed",
              "speed": "medium",
              "pass": true,
              "fail": false,
              "pending": false,
              "context": null,
              "code": "_LoginPage.default.click_Loginlink();\n_LoginPage.default.fillusername('testuser');\n_LoginPage.default.fillpassword('test@&');\n_LoginPage.default.login_btn();\n_LoginPage.default.errormessage().should('have.text', 'ERROR: The password you entered for the username testuser is incorrect. Lost your password?');",
              "err": {},
              "uuid": "353a4413-8b9d-47a3-9134-b3a453ef430c",
              "parentUUID": "3d1ca369-8842-4a0f-98a1-a377ca134e95",
              "isHook": false,
              "skipped": false
            },
            {
              "title": "Valid Login Test",
              "fullTitle": "Launch App Valid Login Test",
              "timedOut": null,
              "duration": 6711,
              "state": "passed",
              "speed": "medium",
              "pass": true,
              "fail": false,
              "pending": false,
              "context": null,
              "code": "_LoginPage.default.click_Loginlink();\n_LoginPage.default.fillusername('KIBQOQBYZW@gmail.com');\n_LoginPage.default.fillpassword('dxVB58@&');\n_LoginPage.default.login_btn();\n_Myaccount.default.VerifyPageurl().should('include', '/my-account/');",
              "err": {},
              "uuid": "35d60b44-1819-4c5f-b2c8-96698cc56359",
              "parentUUID": "3d1ca369-8842-4a0f-98a1-a377ca134e95",
              "isHook": false,
              "skipped": false
            }
          ],
          "suites": [],
          "passes": [
            "fede6631-ec55-4043-a789-589342c6494f",
            "353a4413-8b9d-47a3-9134-b3a453ef430c",
            "35d60b44-1819-4c5f-b2c8-96698cc56359"
          ],
          "failures": [
            "f684dda3-5b97-4b46-a832-e08e713ec6a6"
          ],
          "pending": [],
          "skipped": [],
          "duration": 38817,
          "root": false,
          "rootEmpty": false,
          "_timeout": 2000
        }
      ],
      "passes": [],
      "failures": [],
      "pending": [],
      "skipped": [],
      "duration": 0,
      "root": true,
      "rootEmpty": true,
      "_timeout": 2000
    }
  ],
  "meta": {
    "mocha": {
      "version": "7.0.1"
    },
    "mochawesome": {
      "options": {
        "quiet": false,
        "reportFilename": "report",
        "saveHtml": true,
        "saveJson": true,
        "consoleReporter": "spec",
        "useInlineDiffs": false,
        "code": true
      },
      "version": "7.1.3"
    },
    "marge": {
      "options": {
        "reportDir": "cypress/reports",
        "reportFilename": "report",
        "overwrite": false,
        "html": true,
        "json": true,
        "charts": true
      },
      "version": "6.2.0"
    }
  }
}