{
  "stats": {
    "suites": 1,
    "tests": 1,
    "passes": 1,
    "pending": 0,
    "failures": 0,
    "start": "2022-07-19T07:34:09.897Z",
    "end": "2022-07-19T07:34:14.072Z",
    "duration": 4175,
    "testsRegistered": 1,
    "passPercent": 100,
    "pendingPercent": 0,
    "other": 0,
    "hasOther": false,
    "skipped": 0,
    "hasSkipped": false
  },
  "results": [
    {
      "uuid": "270c55fb-50e9-4d82-8d1b-fe1888ca741d",
      "title": "",
      "fullFile": "cypress/e2e/Cypress-framework/blur-focus.js",
      "file": "cypress/e2e/Cypress-framework/blur-focus.js",
      "beforeHooks": [],
      "afterHooks": [],
      "tests": [],
      "suites": [
        {
          "uuid": "86e25cf2-afc9-4c76-96a0-c7a13f12f071",
          "title": "test suite",
          "fullFile": "",
          "file": "",
          "beforeHooks": [],
          "afterHooks": [],
          "tests": [
            {
              "title": "Type Username And Password",
              "fullTitle": "test suite Type Username And Password",
              "timedOut": null,
              "duration": 2592,
              "state": "passed",
              "speed": "fast",
              "pass": true,
              "fail": false,
              "pending": false,
              "context": null,
              "code": "cy.visit('https://www.programsbuzz.com/user/login');\ncy.get('form').within(function () {\n  cy.get(\"input[id='edit-name']\").focus().type('Rataalada').blur();\n});",
              "err": {},
              "uuid": "da60d1ce-99a9-4a0a-b42f-46492103e518",
              "parentUUID": "86e25cf2-afc9-4c76-96a0-c7a13f12f071",
              "isHook": false,
              "skipped": false
            }
          ],
          "suites": [],
          "passes": [
            "da60d1ce-99a9-4a0a-b42f-46492103e518"
          ],
          "failures": [],
          "pending": [],
          "skipped": [],
          "duration": 2592,
          "root": false,
          "rootEmpty": false,
          "_timeout": 2000
        }
      ],
      "passes": [],
      "failures": [],
      "pending": [],
      "skipped": [],
      "duration": 0,
      "root": true,
      "rootEmpty": true,
      "_timeout": 2000
    }
  ],
  "meta": {
    "mocha": {
      "version": "7.0.1"
    },
    "mochawesome": {
      "options": {
        "quiet": false,
        "reportFilename": "report",
        "saveHtml": true,
        "saveJson": true,
        "consoleReporter": "spec",
        "useInlineDiffs": false,
        "code": true
      },
      "version": "7.1.3"
    },
    "marge": {
      "options": {
        "reportDir": "cypress/reports",
        "reportFilename": "report",
        "overwrite": false,
        "html": true,
        "json": true,
        "charts": true
      },
      "version": "6.2.0"
    }
  }
}