{
  "stats": {
    "suites": 2,
    "tests": 8,
    "passes": 8,
    "pending": 0,
    "failures": 0,
    "start": "2022-05-09T07:22:46.021Z",
    "end": "2022-05-09T07:23:06.064Z",
    "duration": 20043,
    "testsRegistered": 8,
    "passPercent": 100,
    "pendingPercent": 0,
    "other": 0,
    "hasOther": false,
    "skipped": 0,
    "hasSkipped": false
  },
  "results": [
    {
      "uuid": "83ad2f98-45de-42ad-84f3-5071030b8f91",
      "title": "",
      "fullFile": "cypress/integration/TestCase/login.js",
      "file": "cypress/integration/TestCase/login.js",
      "beforeHooks": [],
      "afterHooks": [],
      "tests": [],
      "suites": [
        {
          "uuid": "b328a250-48c3-43d4-b901-05eb935d8560",
          "title": "Launch App",
          "fullFile": "",
          "file": "",
          "beforeHooks": [],
          "afterHooks": [],
          "tests": [
            {
              "title": "Lunch Website",
              "fullTitle": "Launch App Lunch Website",
              "timedOut": null,
              "duration": 5293,
              "state": "passed",
              "speed": "medium",
              "pass": true,
              "fail": false,
              "pending": false,
              "context": null,
              "code": "cy.visit('http://practice.automationtesting.in/');\ncy.viewport(1920, 1080);",
              "err": {},
              "uuid": "c33f41e0-99c1-4241-8efe-c9ae0ebe9750",
              "parentUUID": "b328a250-48c3-43d4-b901-05eb935d8560",
              "isHook": false,
              "skipped": false
            },
            {
              "title": "Reload Page",
              "fullTitle": "Launch App Reload Page",
              "timedOut": null,
              "duration": 1550,
              "state": "passed",
              "speed": "fast",
              "pass": true,
              "fail": false,
              "pending": false,
              "context": null,
              "code": "cy.reload();",
              "err": {},
              "uuid": "899f6cc1-48c2-4fd5-bca9-261ff2b927cb",
              "parentUUID": "b328a250-48c3-43d4-b901-05eb935d8560",
              "isHook": false,
              "skipped": false
            },
            {
              "title": "Click on my account link",
              "fullTitle": "Launch App Click on my account link",
              "timedOut": null,
              "duration": 2673,
              "state": "passed",
              "speed": "fast",
              "pass": true,
              "fail": false,
              "pending": false,
              "context": null,
              "code": "cy.viewport(1920, 1080);\ncy.get('ul.main-nav>li:nth-of-type(2)>a').click(); //Verify my account link display or not \ncy.url().should('include', '/my-account');\ncy.reload().url().should('include', '/my-account');",
              "err": {},
              "uuid": "eb78528f-d7b4-429c-a376-c1a9587612ed",
              "parentUUID": "b328a250-48c3-43d4-b901-05eb935d8560",
              "isHook": false,
              "skipped": false
            },
            {
              "title": "Forward & Backward browser option verify",
              "fullTitle": "Launch App Forward & Backward browser option verify",
              "timedOut": null,
              "duration": 2459,
              "state": "passed",
              "speed": "fast",
              "pass": true,
              "fail": false,
              "pending": false,
              "context": null,
              "code": "cy.viewport(1920, 1080);\ncy.go('back'); //cy.go('-1')   backward browser\n//chaning method also do that  \n// cy.visit('http://practice.automationtesting.in/').go('back')\ncy.wait(200); //cy.go('1')   Forward browser\ncy.go('forward');",
              "err": {},
              "uuid": "51c1c38a-b1d7-4a62-a53b-3088e5d91f22",
              "parentUUID": "b328a250-48c3-43d4-b901-05eb935d8560",
              "isHook": false,
              "skipped": false
            },
            {
              "title": "Verify lenth of links",
              "fullTitle": "Launch App Verify lenth of links",
              "timedOut": null,
              "duration": 192,
              "state": "passed",
              "speed": "fast",
              "pass": true,
              "fail": false,
              "pending": false,
              "context": null,
              "code": "cy.viewport(1920, 1080); //should & get method verify length \ncy.get('ul#main-nav li a').should('have.length', '6'); //Find method verify length \ncy.get('ul.social-links li').find('a[href]').should('have.length', '5');",
              "err": {},
              "uuid": "729c79b3-b1d7-48b9-bfbf-20f6556e24b0",
              "parentUUID": "b328a250-48c3-43d4-b901-05eb935d8560",
              "isHook": false,
              "skipped": false
            },
            {
              "title": "Subscribed Here",
              "fullTitle": "Launch App Subscribed Here",
              "timedOut": null,
              "duration": 594,
              "state": "passed",
              "speed": "fast",
              "pass": true,
              "fail": false,
              "pending": false,
              "context": null,
              "code": "cy.viewport(1920, 1080); //Within method verify length \ncy.get('form#mc4wp-form-1').within(() => {\n  cy.get(\"input[type='email']\").type('preyas.rana@zymr.com');\n});",
              "err": {},
              "uuid": "f7fdf685-d505-4d7e-aee7-3241df9335ab",
              "parentUUID": "b328a250-48c3-43d4-b901-05eb935d8560",
              "isHook": false,
              "skipped": false
            },
            {
              "title": "Verify Login Case",
              "fullTitle": "Launch App Verify Login Case",
              "timedOut": null,
              "duration": 3265,
              "state": "passed",
              "speed": "fast",
              "pass": true,
              "fail": false,
              "pending": false,
              "context": null,
              "code": "cy.viewport(1920, 1080); //Verify Page login title Should be visible or not \ncy.get('div[class=\"u-column1 col-1\"] h2').should('be.visible').and('contain', 'Login').and('have.length', '1');\ncy.login('KIBQOQBYZW@gmail.com', 'dxVB58@&');",
              "err": {},
              "uuid": "38b0585f-3603-481f-b9e9-b201bf7f0498",
              "parentUUID": "b328a250-48c3-43d4-b901-05eb935d8560",
              "isHook": false,
              "skipped": false
            }
          ],
          "suites": [],
          "passes": [
            "c33f41e0-99c1-4241-8efe-c9ae0ebe9750",
            "899f6cc1-48c2-4fd5-bca9-261ff2b927cb",
            "eb78528f-d7b4-429c-a376-c1a9587612ed",
            "51c1c38a-b1d7-4a62-a53b-3088e5d91f22",
            "729c79b3-b1d7-48b9-bfbf-20f6556e24b0",
            "f7fdf685-d505-4d7e-aee7-3241df9335ab",
            "38b0585f-3603-481f-b9e9-b201bf7f0498"
          ],
          "failures": [],
          "pending": [],
          "skipped": [],
          "duration": 16026,
          "root": false,
          "rootEmpty": false,
          "_timeout": 2000
        },
        {
          "uuid": "44d14b0d-676a-4f0d-b096-fc27760c4899",
          "title": "Address Section",
          "fullFile": "",
          "file": "",
          "beforeHooks": [],
          "afterHooks": [],
          "tests": [
            {
              "title": "Click on Address link",
              "fullTitle": "Address Section Click on Address link",
              "timedOut": null,
              "duration": 2161,
              "state": "passed",
              "speed": "fast",
              "pass": true,
              "fail": false,
              "pending": false,
              "context": null,
              "code": "cy.viewport(1920, 1080);\ncy.wait(500);\ncy.get('nav.woocommerce-MyAccount-navigation>ul>li:nth-of-type(4)>a').click(); //cy.wait(500)\n//Verify address link display or not \n//cy.url().should('include', '/edit-address')",
              "err": {},
              "uuid": "3e5c354a-d663-42d5-94e6-5265c265fcb4",
              "parentUUID": "44d14b0d-676a-4f0d-b096-fc27760c4899",
              "isHook": false,
              "skipped": false
            }
          ],
          "suites": [],
          "passes": [
            "3e5c354a-d663-42d5-94e6-5265c265fcb4"
          ],
          "failures": [],
          "pending": [],
          "skipped": [],
          "duration": 2161,
          "root": false,
          "rootEmpty": false,
          "_timeout": 2000
        }
      ],
      "passes": [],
      "failures": [],
      "pending": [],
      "skipped": [],
      "duration": 0,
      "root": true,
      "rootEmpty": true,
      "_timeout": 2000
    }
  ],
  "meta": {
    "mocha": {
      "version": "7.0.1"
    },
    "mochawesome": {
      "options": {
        "quiet": false,
        "reportFilename": "report",
        "saveHtml": true,
        "saveJson": true,
        "consoleReporter": "spec",
        "useInlineDiffs": false,
        "code": true
      },
      "version": "7.1.3"
    },
    "marge": {
      "options": {
        "reportDir": "cypress/reports",
        "reportFilename": "report",
        "overwrite": false,
        "html": true,
        "json": true,
        "charts": true
      },
      "version": "6.2.0"
    }
  }
}