{
  "stats": {
    "suites": 1,
    "tests": 3,
    "passes": 3,
    "pending": 0,
    "failures": 0,
    "start": "2022-05-09T08:41:08.967Z",
    "end": "2022-05-09T08:41:27.793Z",
    "duration": 18826,
    "testsRegistered": 3,
    "passPercent": 100,
    "pendingPercent": 0,
    "other": 0,
    "hasOther": false,
    "skipped": 0,
    "hasSkipped": false
  },
  "results": [
    {
      "uuid": "89442f13-d633-4b8b-963d-20326aa6c683",
      "title": "",
      "fullFile": "cypress/integration/TestCase/Fileupload.js",
      "file": "cypress/integration/TestCase/Fileupload.js",
      "beforeHooks": [],
      "afterHooks": [],
      "tests": [],
      "suites": [
        {
          "uuid": "b3f795c9-2e7d-49e6-a3f8-7247fdc4da8a",
          "title": "File upload App",
          "fullFile": "",
          "file": "",
          "beforeHooks": [],
          "afterHooks": [],
          "tests": [
            {
              "title": "file upload scenario",
              "fullTitle": "File upload App file upload scenario",
              "timedOut": null,
              "duration": 6323,
              "state": "passed",
              "speed": "medium",
              "pass": true,
              "fail": false,
              "pending": false,
              "context": null,
              "code": "cy.viewport(1366, 768);\ncy.visit('http://automationpractice.com/index.php?controller=contact');\nconst youtFixturepath = 'zymr-inc-vector-logo.png';\ncy.get('input#fileUpload', {\n  timeout: 10000\n}).attachFile(youtFixturepath);",
              "err": {},
              "uuid": "07d1ddb8-d769-4610-9dae-0e7c6c037c6b",
              "parentUUID": "b3f795c9-2e7d-49e6-a3f8-7247fdc4da8a",
              "isHook": false,
              "skipped": false
            },
            {
              "title": "Drag & Drop file upload scenario",
              "fullTitle": "File upload App Drag & Drop file upload scenario",
              "timedOut": null,
              "duration": 660,
              "state": "passed",
              "speed": "fast",
              "pass": true,
              "fail": false,
              "pending": false,
              "context": null,
              "code": "cy.viewport(1366, 768);\ncy.visit('https://css-tricks.com/examples/DragAndDropFileUploading/');\nconst youtFixturepath = 'zymr-inc-vector-logo.png';\ncy.get('#file', {\n  timeout: 10000\n}).attachFile(youtFixturepath);\ncy.get('div.box__success').should('contain.text', 'Done! ');",
              "err": {},
              "uuid": "d61e06dc-0c56-4126-9c4f-3c3521696098",
              "parentUUID": "b3f795c9-2e7d-49e6-a3f8-7247fdc4da8a",
              "isHook": false,
              "skipped": false
            },
            {
              "title": "Multiple file upload scenario",
              "fullTitle": "File upload App Multiple file upload scenario",
              "timedOut": null,
              "duration": 4794,
              "state": "passed",
              "speed": "fast",
              "pass": true,
              "fail": false,
              "pending": false,
              "context": null,
              "code": "cy.viewport(1366, 768);\ncy.visit('https://davidwalsh.name/demo/multiple-file-upload.php');\nconst file1 = 'zymr-inc-vector-logo.png';\nconst file2 = 'Artboard.png';\nconst file3 = 'nature.jpeg';\nconst file4 = 'sea.jpeg';\ncy.get('#filesToUpload').attachFile(file1).attachFile(file2).attachFile(file3).attachFile(file4);\ncy.get('p:nth-child(6) > strong:nth-child(1)').should('contain.text', 'Files You Selected:');",
              "err": {},
              "uuid": "fa98713a-cd1c-4aab-8a59-e1cc8b0b1ac8",
              "parentUUID": "b3f795c9-2e7d-49e6-a3f8-7247fdc4da8a",
              "isHook": false,
              "skipped": false
            }
          ],
          "suites": [],
          "passes": [
            "07d1ddb8-d769-4610-9dae-0e7c6c037c6b",
            "d61e06dc-0c56-4126-9c4f-3c3521696098",
            "fa98713a-cd1c-4aab-8a59-e1cc8b0b1ac8"
          ],
          "failures": [],
          "pending": [],
          "skipped": [],
          "duration": 11777,
          "root": false,
          "rootEmpty": false,
          "_timeout": 2000
        }
      ],
      "passes": [],
      "failures": [],
      "pending": [],
      "skipped": [],
      "duration": 0,
      "root": true,
      "rootEmpty": true,
      "_timeout": 2000
    }
  ],
  "meta": {
    "mocha": {
      "version": "7.0.1"
    },
    "mochawesome": {
      "options": {
        "quiet": false,
        "reportFilename": "report",
        "saveHtml": true,
        "saveJson": true,
        "consoleReporter": "spec",
        "useInlineDiffs": false,
        "code": true
      },
      "version": "7.1.3"
    },
    "marge": {
      "options": {
        "reportDir": "cypress/reports",
        "reportFilename": "report",
        "overwrite": false,
        "html": true,
        "json": true,
        "charts": true
      },
      "version": "6.2.0"
    }
  }
}