{
  "stats": {
    "suites": 1,
    "tests": 3,
    "passes": 3,
    "pending": 0,
    "failures": 0,
    "start": "2022-05-11T12:03:25.370Z",
    "end": "2022-05-11T12:04:02.781Z",
    "duration": 37411,
    "testsRegistered": 3,
    "passPercent": 100,
    "pendingPercent": 0,
    "other": 0,
    "hasOther": false,
    "skipped": 0,
    "hasSkipped": false
  },
  "results": [
    {
      "uuid": "003e2ee6-f543-4ee6-abf7-ca0383342b08",
      "title": "",
      "fullFile": "cypress/integration/TestCase/Fileupload.js",
      "file": "cypress/integration/TestCase/Fileupload.js",
      "beforeHooks": [],
      "afterHooks": [],
      "tests": [],
      "suites": [
        {
          "uuid": "be926f72-6e72-4952-9b08-4edd8537110c",
          "title": "File upload App",
          "fullFile": "",
          "file": "",
          "beforeHooks": [],
          "afterHooks": [],
          "tests": [
            {
              "title": "file upload scenario",
              "fullTitle": "File upload App file upload scenario",
              "timedOut": null,
              "duration": 15026,
              "state": "passed",
              "speed": "slow",
              "pass": true,
              "fail": false,
              "pending": false,
              "context": null,
              "code": "cy.viewport(1366, 768);\ncy.visit('http://automationpractice.com/index.php?controller=contact');\nconst youtFixturepath = 'zymr-inc-vector-logo.png';\ncy.get('input#fileUpload', {\n  timeout: 10000\n}).attachFile(youtFixturepath);",
              "err": {},
              "uuid": "51f215b3-bf1c-47a0-bb00-06182a51275d",
              "parentUUID": "be926f72-6e72-4952-9b08-4edd8537110c",
              "isHook": false,
              "skipped": false
            },
            {
              "title": "Drag & Drop file upload scenario",
              "fullTitle": "File upload App Drag & Drop file upload scenario",
              "timedOut": null,
              "duration": 1384,
              "state": "passed",
              "speed": "fast",
              "pass": true,
              "fail": false,
              "pending": false,
              "context": null,
              "code": "cy.viewport(1366, 768);\ncy.visit('https://css-tricks.com/examples/DragAndDropFileUploading/');\nconst youtFixturepath = 'zymr-inc-vector-logo.png';\ncy.get('#file', {\n  timeout: 10000\n}).attachFile(youtFixturepath);\ncy.get('div.box__success').should('contain.text', 'Done! ');",
              "err": {},
              "uuid": "580d83cf-8101-4add-a2de-74b8d4389401",
              "parentUUID": "be926f72-6e72-4952-9b08-4edd8537110c",
              "isHook": false,
              "skipped": false
            },
            {
              "title": "Multiple file upload scenario",
              "fullTitle": "File upload App Multiple file upload scenario",
              "timedOut": null,
              "duration": 3939,
              "state": "passed",
              "speed": "fast",
              "pass": true,
              "fail": false,
              "pending": false,
              "context": null,
              "code": "cy.viewport(1366, 768);\ncy.visit('https://davidwalsh.name/demo/multiple-file-upload.php');\nconst file1 = 'zymr-inc-vector-logo.png';\nconst file2 = 'Artboard.png';\nconst file3 = 'nature.jpeg';\nconst file4 = 'sea.jpeg';\ncy.get('#filesToUpload').attachFile(file1).attachFile(file2).attachFile(file3).attachFile(file4);\ncy.get('p:nth-child(6) > strong:nth-child(1)').should('contain.text', 'Files You Selected:');",
              "err": {},
              "uuid": "c9cbf024-f093-49cb-b3ad-58e094a0c8b2",
              "parentUUID": "be926f72-6e72-4952-9b08-4edd8537110c",
              "isHook": false,
              "skipped": false
            }
          ],
          "suites": [],
          "passes": [
            "51f215b3-bf1c-47a0-bb00-06182a51275d",
            "580d83cf-8101-4add-a2de-74b8d4389401",
            "c9cbf024-f093-49cb-b3ad-58e094a0c8b2"
          ],
          "failures": [],
          "pending": [],
          "skipped": [],
          "duration": 20349,
          "root": false,
          "rootEmpty": false,
          "_timeout": 2000
        }
      ],
      "passes": [],
      "failures": [],
      "pending": [],
      "skipped": [],
      "duration": 0,
      "root": true,
      "rootEmpty": true,
      "_timeout": 2000
    }
  ],
  "meta": {
    "mocha": {
      "version": "7.0.1"
    },
    "mochawesome": {
      "options": {
        "quiet": false,
        "reportFilename": "report",
        "saveHtml": true,
        "saveJson": true,
        "consoleReporter": "spec",
        "useInlineDiffs": false,
        "code": true
      },
      "version": "7.1.3"
    },
    "marge": {
      "options": {
        "reportDir": "cypress/reports",
        "reportFilename": "report",
        "overwrite": false,
        "html": true,
        "json": true,
        "charts": true
      },
      "version": "6.2.0"
    }
  }
}