{
  "stats": {
    "suites": 1,
    "tests": 1,
    "passes": 1,
    "pending": 0,
    "failures": 0,
    "start": "2022-07-14T12:24:09.340Z",
    "end": "2022-07-14T12:24:19.657Z",
    "duration": 10317,
    "testsRegistered": 1,
    "passPercent": 100,
    "pendingPercent": 0,
    "other": 0,
    "hasOther": false,
    "skipped": 0,
    "hasSkipped": false
  },
  "results": [
    {
      "uuid": "acce7315-5f87-442b-9eca-6affe491227f",
      "title": "",
      "fullFile": "cypress/e2e/sample_testcases/dropdown.js",
      "file": "cypress/e2e/sample_testcases/dropdown.js",
      "beforeHooks": [],
      "afterHooks": [],
      "tests": [],
      "suites": [
        {
          "uuid": "7c22d1ef-dc57-44c7-9c71-90c68c26a446",
          "title": "Drodown Test",
          "fullFile": "",
          "file": "",
          "beforeHooks": [],
          "afterHooks": [],
          "tests": [
            {
              "title": "static dropdown",
              "fullTitle": "Drodown Test static dropdown",
              "timedOut": null,
              "duration": 7241,
              "state": "passed",
              "speed": "medium",
              "pass": true,
              "fail": false,
              "pending": false,
              "context": null,
              "code": "// test step for URL launching\ncy.viewport(1366, 768);\ncy.visit(\"https://www.rahulshettyacademy.com/AutomationPractice/\");\ncy.wait(200);\ncy.get('select[name=\"dropdown-class-example\"]').select('option2').should('have.value', 'option2');\ncy.get('input[id=\"autocomplete\"]').type('ind');\ncy.get('li.ui-menu-item').each(($el, index, $list) => {\n  const headervalue = $el.find('div').text();\n  cy.log('find dropdown item::-->' + headervalue);\n  if ($el.text() === \"India\") {\n    cy.wrap($el).click();\n  }\n}); //validation if selected value should  be appear or not \ncy.get('input[id=\"autocomplete\"]').should('have.value', 'India'); //hide & show objects\ncy.get('#displayed-text').should('be.visible');\ncy.get('#hide-textbox').click();\ncy.get('#displayed-text').should('not.be.visible');\ncy.get('#show-textbox').click();\ncy.get('#displayed-text').should('be.visible');",
              "err": {},
              "uuid": "0781cab2-33d1-4d27-bd17-1bd1d00890da",
              "parentUUID": "7c22d1ef-dc57-44c7-9c71-90c68c26a446",
              "isHook": false,
              "skipped": false
            }
          ],
          "suites": [],
          "passes": [
            "0781cab2-33d1-4d27-bd17-1bd1d00890da"
          ],
          "failures": [],
          "pending": [],
          "skipped": [],
          "duration": 7241,
          "root": false,
          "rootEmpty": false,
          "_timeout": 2000
        }
      ],
      "passes": [],
      "failures": [],
      "pending": [],
      "skipped": [],
      "duration": 0,
      "root": true,
      "rootEmpty": true,
      "_timeout": 2000
    }
  ],
  "meta": {
    "mocha": {
      "version": "7.0.1"
    },
    "mochawesome": {
      "options": {
        "quiet": false,
        "reportFilename": "report",
        "saveHtml": true,
        "saveJson": true,
        "consoleReporter": "spec",
        "useInlineDiffs": false,
        "code": true
      },
      "version": "7.1.3"
    },
    "marge": {
      "options": {
        "reportDir": "cypress/reports",
        "reportFilename": "report",
        "overwrite": false,
        "html": true,
        "json": true,
        "charts": true
      },
      "version": "6.2.0"
    }
  }
}