{
  "stats": {
    "suites": 1,
    "tests": 1,
    "passes": 1,
    "pending": 0,
    "failures": 0,
    "start": "2022-07-14T12:12:44.461Z",
    "end": "2022-07-14T12:12:49.908Z",
    "duration": 5447,
    "testsRegistered": 1,
    "passPercent": 100,
    "pendingPercent": 0,
    "other": 0,
    "hasOther": false,
    "skipped": 0,
    "hasSkipped": false
  },
  "results": [
    {
      "uuid": "b978388e-22fb-465f-8941-fe5f8c7cf540",
      "title": "",
      "fullFile": "cypress/e2e/sample_testcases/Selenium_practise.js",
      "file": "cypress/e2e/sample_testcases/Selenium_practise.js",
      "beforeHooks": [],
      "afterHooks": [],
      "tests": [],
      "suites": [
        {
          "uuid": "951537ef-c036-4fb2-a12c-c0c175a7ea70",
          "title": "Tutorialspoint Test",
          "fullFile": "",
          "file": "",
          "beforeHooks": [],
          "afterHooks": [],
          "tests": [
            {
              "title": "Scenario 1",
              "fullTitle": "Tutorialspoint Test Scenario 1",
              "timedOut": null,
              "duration": 3568,
              "state": "passed",
              "speed": "fast",
              "pass": true,
              "fail": false,
              "pending": false,
              "context": null,
              "code": "// test step for URL launching\ncy.viewport(1366, 768);\ncy.visit(\"https://rahulshettyacademy.com/seleniumPractise/#/\");\ncy.wait(200);\ncy.get('div.products div.product').each(($el, index, $list) => {\n  const headervalue = $el.find('h4').text();\n  cy.log(' Name: ' + headervalue);\n  if (headervalue.includes('Brocolli - 1 Kg')) {\n    cy.wrap($el).find('button').click();\n  }\n});\ncy.get('a.cart-icon').click();\ncy.contains('PROCEED TO CHECKOUT').click();\ncy.contains('Place Order').click();",
              "err": {},
              "uuid": "761fc202-2249-4544-b534-a7dd74ed2a94",
              "parentUUID": "951537ef-c036-4fb2-a12c-c0c175a7ea70",
              "isHook": false,
              "skipped": false
            }
          ],
          "suites": [],
          "passes": [
            "761fc202-2249-4544-b534-a7dd74ed2a94"
          ],
          "failures": [],
          "pending": [],
          "skipped": [],
          "duration": 3568,
          "root": false,
          "rootEmpty": false,
          "_timeout": 2000
        }
      ],
      "passes": [],
      "failures": [],
      "pending": [],
      "skipped": [],
      "duration": 0,
      "root": true,
      "rootEmpty": true,
      "_timeout": 2000
    }
  ],
  "meta": {
    "mocha": {
      "version": "7.0.1"
    },
    "mochawesome": {
      "options": {
        "quiet": false,
        "reportFilename": "report",
        "saveHtml": true,
        "saveJson": true,
        "consoleReporter": "spec",
        "useInlineDiffs": false,
        "code": true
      },
      "version": "7.1.3"
    },
    "marge": {
      "options": {
        "reportDir": "cypress/reports",
        "reportFilename": "report",
        "overwrite": false,
        "html": true,
        "json": true,
        "charts": true
      },
      "version": "6.2.0"
    }
  }
}