{
  "stats": {
    "suites": 1,
    "tests": 3,
    "passes": 3,
    "pending": 0,
    "failures": 0,
    "start": "2022-05-09T07:21:22.270Z",
    "end": "2022-05-09T07:21:43.054Z",
    "duration": 20784,
    "testsRegistered": 3,
    "passPercent": 100,
    "pendingPercent": 0,
    "other": 0,
    "hasOther": false,
    "skipped": 0,
    "hasSkipped": false
  },
  "results": [
    {
      "uuid": "755dec07-fe1b-484b-9e48-44dc10d2cd4b",
      "title": "",
      "fullFile": "cypress/integration/TestCase/Fileupload.js",
      "file": "cypress/integration/TestCase/Fileupload.js",
      "beforeHooks": [],
      "afterHooks": [],
      "tests": [],
      "suites": [
        {
          "uuid": "cec7ce8c-c287-40f8-a05f-84fdb54bf52f",
          "title": "File upload App",
          "fullFile": "",
          "file": "",
          "beforeHooks": [],
          "afterHooks": [],
          "tests": [
            {
              "title": "file upload scenario",
              "fullTitle": "File upload App file upload scenario",
              "timedOut": null,
              "duration": 8087,
              "state": "passed",
              "speed": "medium",
              "pass": true,
              "fail": false,
              "pending": false,
              "context": null,
              "code": "cy.viewport(1366, 768);\ncy.visit('http://automationpractice.com/index.php?controller=contact');\nconst youtFixturepath = 'zymr-inc-vector-logo.png';\ncy.get('input#fileUpload', {\n  timeout: 10000\n}).attachFile(youtFixturepath);",
              "err": {},
              "uuid": "e168b218-f447-4e23-a2d6-e3c4637da064",
              "parentUUID": "cec7ce8c-c287-40f8-a05f-84fdb54bf52f",
              "isHook": false,
              "skipped": false
            },
            {
              "title": "Drag & Drop file upload scenario",
              "fullTitle": "File upload App Drag & Drop file upload scenario",
              "timedOut": null,
              "duration": 794,
              "state": "passed",
              "speed": "fast",
              "pass": true,
              "fail": false,
              "pending": false,
              "context": null,
              "code": "cy.viewport(1366, 768);\ncy.visit('https://css-tricks.com/examples/DragAndDropFileUploading/');\nconst youtFixturepath = 'zymr-inc-vector-logo.png';\ncy.get('#file', {\n  timeout: 10000\n}).attachFile(youtFixturepath);\ncy.get('div.box__success').should('contain.text', 'Done! ');",
              "err": {},
              "uuid": "a8dcb154-8f7d-4cbc-96db-7c4f3af4ca3d",
              "parentUUID": "cec7ce8c-c287-40f8-a05f-84fdb54bf52f",
              "isHook": false,
              "skipped": false
            },
            {
              "title": "Multiple file upload scenario",
              "fullTitle": "File upload App Multiple file upload scenario",
              "timedOut": null,
              "duration": 4349,
              "state": "passed",
              "speed": "fast",
              "pass": true,
              "fail": false,
              "pending": false,
              "context": null,
              "code": "cy.viewport(1366, 768);\ncy.visit('https://davidwalsh.name/demo/multiple-file-upload.php');\nconst file1 = 'zymr-inc-vector-logo.png';\nconst file2 = 'Artboard.png';\nconst file3 = 'nature.jpeg';\nconst file4 = 'sea.jpeg';\ncy.get('#filesToUpload').attachFile(file1).attachFile(file2).attachFile(file3).attachFile(file4);\ncy.get('p:nth-child(6) > strong:nth-child(1)').should('contain.text', 'Files You Selected:');",
              "err": {},
              "uuid": "12851289-cc35-431f-81a8-fb5af8e3ae4a",
              "parentUUID": "cec7ce8c-c287-40f8-a05f-84fdb54bf52f",
              "isHook": false,
              "skipped": false
            }
          ],
          "suites": [],
          "passes": [
            "e168b218-f447-4e23-a2d6-e3c4637da064",
            "a8dcb154-8f7d-4cbc-96db-7c4f3af4ca3d",
            "12851289-cc35-431f-81a8-fb5af8e3ae4a"
          ],
          "failures": [],
          "pending": [],
          "skipped": [],
          "duration": 13230,
          "root": false,
          "rootEmpty": false,
          "_timeout": 2000
        }
      ],
      "passes": [],
      "failures": [],
      "pending": [],
      "skipped": [],
      "duration": 0,
      "root": true,
      "rootEmpty": true,
      "_timeout": 2000
    }
  ],
  "meta": {
    "mocha": {
      "version": "7.0.1"
    },
    "mochawesome": {
      "options": {
        "quiet": false,
        "reportFilename": "report",
        "saveHtml": true,
        "saveJson": true,
        "consoleReporter": "spec",
        "useInlineDiffs": false,
        "code": true
      },
      "version": "7.1.3"
    },
    "marge": {
      "options": {
        "reportDir": "cypress/reports",
        "reportFilename": "report",
        "overwrite": false,
        "html": true,
        "json": true,
        "charts": true
      },
      "version": "6.2.0"
    }
  }
}