{
  "stats": {
    "suites": 1,
    "tests": 1,
    "passes": 1,
    "pending": 0,
    "failures": 0,
    "start": "2022-07-14T12:12:54.262Z",
    "end": "2022-07-14T12:13:04.794Z",
    "duration": 10532,
    "testsRegistered": 1,
    "passPercent": 100,
    "pendingPercent": 0,
    "other": 0,
    "hasOther": false,
    "skipped": 0,
    "hasSkipped": false
  },
  "results": [
    {
      "uuid": "fc2476b7-dc04-4a38-8624-e2fb85174769",
      "title": "",
      "fullFile": "cypress/e2e/sample_testcases/alert.js",
      "file": "cypress/e2e/sample_testcases/alert.js",
      "beforeHooks": [],
      "afterHooks": [],
      "tests": [],
      "suites": [
        {
          "uuid": "da6feeb2-8ffc-4455-9b74-dd0746e45c47",
          "title": "Tutorialspoint Test",
          "fullFile": "",
          "file": "",
          "beforeHooks": [],
          "afterHooks": [],
          "tests": [
            {
              "title": "Scenario 1",
              "fullTitle": "Tutorialspoint Test Scenario 1",
              "timedOut": null,
              "duration": 8877,
              "state": "passed",
              "speed": "medium",
              "pass": true,
              "fail": false,
              "pending": false,
              "context": null,
              "code": "// test step for URL launching\ncy.viewport(1366, 768);\ncy.visit(\"https://www.rahulshettyacademy.com/AutomationPractice/\");\ncy.wait(200);\ncy.get('#alertbtn').click();\ncy.get('#confirmbtn').click(); //window alert \ncy.on('window:alert', str => {\n  expect(str).to.equal('Hello , share this practice page and share your knowledge');\n});\ncy.on('window:confirm', str => {\n  expect(str).to.equal(\"Hello , Are you sure you want to confirm?\");\n}); //tab using cypress\ncy.get('a[id=\"opentab\"]').invoke('removeAttr', 'target').click();\ncy.url().should('include', 'rahulshettyacademy');\ncy.go('back');",
              "err": {},
              "uuid": "19528d94-85c2-4dc1-855f-b5f57b2d0d1c",
              "parentUUID": "da6feeb2-8ffc-4455-9b74-dd0746e45c47",
              "isHook": false,
              "skipped": false
            }
          ],
          "suites": [],
          "passes": [
            "19528d94-85c2-4dc1-855f-b5f57b2d0d1c"
          ],
          "failures": [],
          "pending": [],
          "skipped": [],
          "duration": 8877,
          "root": false,
          "rootEmpty": false,
          "_timeout": 2000
        }
      ],
      "passes": [],
      "failures": [],
      "pending": [],
      "skipped": [],
      "duration": 0,
      "root": true,
      "rootEmpty": true,
      "_timeout": 2000
    }
  ],
  "meta": {
    "mocha": {
      "version": "7.0.1"
    },
    "mochawesome": {
      "options": {
        "quiet": false,
        "reportFilename": "report",
        "saveHtml": true,
        "saveJson": true,
        "consoleReporter": "spec",
        "useInlineDiffs": false,
        "code": true
      },
      "version": "7.1.3"
    },
    "marge": {
      "options": {
        "reportDir": "cypress/reports",
        "reportFilename": "report",
        "overwrite": false,
        "html": true,
        "json": true,
        "charts": true
      },
      "version": "6.2.0"
    }
  }
}