{
  "stats": {
    "suites": 1,
    "tests": 4,
    "passes": 3,
    "pending": 0,
    "failures": 1,
    "start": "2022-05-11T12:12:02.573Z",
    "end": "2022-05-11T12:13:50.901Z",
    "duration": 108328,
    "testsRegistered": 4,
    "passPercent": 75,
    "pendingPercent": 0,
    "other": 0,
    "hasOther": false,
    "skipped": 0,
    "hasSkipped": false
  },
  "results": [
    {
      "uuid": "8cca96b2-b41c-462f-856c-27e89023c607",
      "title": "",
      "fullFile": "cypress/integration/TESTCASES/login.spec.js",
      "file": "cypress/integration/TESTCASES/login.spec.js",
      "beforeHooks": [],
      "afterHooks": [],
      "tests": [],
      "suites": [
        {
          "uuid": "b9132237-99e7-4667-8648-fc29c7007ce5",
          "title": "Launch App",
          "fullFile": "",
          "file": "",
          "beforeHooks": [],
          "afterHooks": [],
          "tests": [
            {
              "title": "Without Entering Any Data Click on Login button",
              "fullTitle": "Launch App Without Entering Any Data Click on Login button",
              "timedOut": null,
              "duration": 37501,
              "state": "failed",
              "speed": null,
              "pass": false,
              "fail": true,
              "pending": false,
              "context": null,
              "code": "_LoginPage.default.click_Loginlink();\n_LoginPage.default.login_btn();\n_LoginPage.default.errormessage().should('have.text', 'Error1: Username is required.');",
              "err": {
                "message": "AssertionError: Timed out retrying after 10000ms: expected '<li>' to have text 'Error1: Username is required.', but the text was 'Error: Username is required.'",
                "estack": "AssertionError: Timed out retrying after 10000ms: expected '<li>' to have text 'Error1: Username is required.', but the text was 'Error: Username is required.'\n    at Context.eval (http://practice.automationtesting.in/__cypress/tests?p=cypress/integration/TESTCASES/login.spec.js:252:39)",
                "diff": "- 'Error: Username is required.'\n+ 'Error1: Username is required.'\n"
              },
              "uuid": "724317dd-e9d2-4a2b-8b12-6aa71b82a6ba",
              "parentUUID": "b9132237-99e7-4667-8648-fc29c7007ce5",
              "isHook": false,
              "skipped": false
            },
            {
              "title": "Only Fillup Username & click on login button",
              "fullTitle": "Launch App Only Fillup Username & click on login button",
              "timedOut": null,
              "duration": 22919,
              "state": "passed",
              "speed": "slow",
              "pass": true,
              "fail": false,
              "pending": false,
              "context": null,
              "code": "_LoginPage.default.click_Loginlink();\n_LoginPage.default.fillusername('KIBQOQBYZW@gmail.com');\n_LoginPage.default.login_btn();\n_LoginPage.default.errormessage().should('have.text', 'Error: Password is required.');",
              "err": {},
              "uuid": "7d555d77-eb86-4939-9424-723360952527",
              "parentUUID": "b9132237-99e7-4667-8648-fc29c7007ce5",
              "isHook": false,
              "skipped": false
            },
            {
              "title": "Invalid Username & Password",
              "fullTitle": "Launch App Invalid Username & Password",
              "timedOut": null,
              "duration": 17561,
              "state": "passed",
              "speed": "slow",
              "pass": true,
              "fail": false,
              "pending": false,
              "context": null,
              "code": "_LoginPage.default.click_Loginlink();\n_LoginPage.default.fillusername('testuser');\n_LoginPage.default.fillpassword('test@&');\n_LoginPage.default.login_btn();\n_LoginPage.default.errormessage().should('have.text', 'ERROR: The password you entered for the username testuser is incorrect. Lost your password?');",
              "err": {},
              "uuid": "137a06e1-7306-4b3b-a5e8-78417b5461b7",
              "parentUUID": "b9132237-99e7-4667-8648-fc29c7007ce5",
              "isHook": false,
              "skipped": false
            },
            {
              "title": "Valid Login Test",
              "fullTitle": "Launch App Valid Login Test",
              "timedOut": null,
              "duration": 21658,
              "state": "passed",
              "speed": "slow",
              "pass": true,
              "fail": false,
              "pending": false,
              "context": null,
              "code": "_LoginPage.default.click_Loginlink();\n_LoginPage.default.fillusername('KIBQOQBYZW@gmail.com');\n_LoginPage.default.fillpassword('dxVB58@&');\n_LoginPage.default.login_btn();\n_Myaccount.default.VerifyPageurl().should('include', '/my-account/');",
              "err": {},
              "uuid": "037c6cfa-94da-4e4c-994a-6c52143f10f8",
              "parentUUID": "b9132237-99e7-4667-8648-fc29c7007ce5",
              "isHook": false,
              "skipped": false
            }
          ],
          "suites": [],
          "passes": [
            "7d555d77-eb86-4939-9424-723360952527",
            "137a06e1-7306-4b3b-a5e8-78417b5461b7",
            "037c6cfa-94da-4e4c-994a-6c52143f10f8"
          ],
          "failures": [
            "724317dd-e9d2-4a2b-8b12-6aa71b82a6ba"
          ],
          "pending": [],
          "skipped": [],
          "duration": 99639,
          "root": false,
          "rootEmpty": false,
          "_timeout": 2000
        }
      ],
      "passes": [],
      "failures": [],
      "pending": [],
      "skipped": [],
      "duration": 0,
      "root": true,
      "rootEmpty": true,
      "_timeout": 2000
    }
  ],
  "meta": {
    "mocha": {
      "version": "7.0.1"
    },
    "mochawesome": {
      "options": {
        "quiet": false,
        "reportFilename": "report",
        "saveHtml": true,
        "saveJson": true,
        "consoleReporter": "spec",
        "useInlineDiffs": false,
        "code": true
      },
      "version": "7.1.3"
    },
    "marge": {
      "options": {
        "reportDir": "cypress/reports",
        "reportFilename": "report",
        "overwrite": false,
        "html": true,
        "json": true,
        "charts": true
      },
      "version": "6.2.0"
    }
  }
}