{
  "stats": {
    "suites": 1,
    "tests": 1,
    "passes": 1,
    "pending": 0,
    "failures": 0,
    "start": "2022-07-14T12:13:45.136Z",
    "end": "2022-07-14T12:13:52.560Z",
    "duration": 7424,
    "testsRegistered": 1,
    "passPercent": 100,
    "pendingPercent": 0,
    "other": 0,
    "hasOther": false,
    "skipped": 0,
    "hasSkipped": false
  },
  "results": [
    {
      "uuid": "a226c2f6-b498-49c0-80b3-29a7c65796e5",
      "title": "",
      "fullFile": "cypress/e2e/sample_testcases/handling_webtable.js",
      "file": "cypress/e2e/sample_testcases/handling_webtable.js",
      "beforeHooks": [],
      "afterHooks": [],
      "tests": [],
      "suites": [
        {
          "uuid": "1fec758e-a8dd-426c-9588-0e0aba1dc41a",
          "title": "Tutorialspoint Test",
          "fullFile": "",
          "file": "",
          "beforeHooks": [],
          "afterHooks": [],
          "tests": [
            {
              "title": "Scenario 1",
              "fullTitle": "Tutorialspoint Test Scenario 1",
              "timedOut": null,
              "duration": 5279,
              "state": "passed",
              "speed": "medium",
              "pass": true,
              "fail": false,
              "pending": false,
              "context": null,
              "code": "// test step for URL launching\ncy.viewport(1366, 768);\ncy.visit(\"https://www.rahulshettyacademy.com/AutomationPractice/\");\ncy.wait(200);\ncy.get(\"table[name='courses'] tr td:nth-child(2)\").each(($el, index, $list) => {\n  const coursevalue = $el.text();\n  cy.log(' Name: ' + coursevalue);\n  if (coursevalue.includes(\"Software Testing + Bugzilla + SQL + Agile\")) {\n    cy.get(\"table[name='courses'] tr td:nth-child(2)\").eq(index).next().then(function (price) {\n      const pricevalue = price.text();\n      cy.log(' pricevalue: ' + pricevalue);\n      expect(pricevalue).to.equal('25');\n    });\n  }\n});",
              "err": {},
              "uuid": "eb7448a1-ab62-41d6-85d2-8367c08192f4",
              "parentUUID": "1fec758e-a8dd-426c-9588-0e0aba1dc41a",
              "isHook": false,
              "skipped": false
            }
          ],
          "suites": [],
          "passes": [
            "eb7448a1-ab62-41d6-85d2-8367c08192f4"
          ],
          "failures": [],
          "pending": [],
          "skipped": [],
          "duration": 5279,
          "root": false,
          "rootEmpty": false,
          "_timeout": 2000
        }
      ],
      "passes": [],
      "failures": [],
      "pending": [],
      "skipped": [],
      "duration": 0,
      "root": true,
      "rootEmpty": true,
      "_timeout": 2000
    }
  ],
  "meta": {
    "mocha": {
      "version": "7.0.1"
    },
    "mochawesome": {
      "options": {
        "quiet": false,
        "reportFilename": "report",
        "saveHtml": true,
        "saveJson": true,
        "consoleReporter": "spec",
        "useInlineDiffs": false,
        "code": true
      },
      "version": "7.1.3"
    },
    "marge": {
      "options": {
        "reportDir": "cypress/reports",
        "reportFilename": "report",
        "overwrite": false,
        "html": true,
        "json": true,
        "charts": true
      },
      "version": "6.2.0"
    }
  }
}