{
  "stats": {
    "suites": 1,
    "tests": 1,
    "passes": 1,
    "pending": 0,
    "failures": 0,
    "start": "2022-07-14T12:14:00.130Z",
    "end": "2022-07-14T12:14:09.657Z",
    "duration": 9527,
    "testsRegistered": 1,
    "passPercent": 100,
    "pendingPercent": 0,
    "other": 0,
    "hasOther": false,
    "skipped": 0,
    "hasSkipped": false
  },
  "results": [
    {
      "uuid": "530e8a0c-8369-43b7-84f9-5d4c1c40c254",
      "title": "",
      "fullFile": "cypress/e2e/sample_testcases/mousehover.js",
      "file": "cypress/e2e/sample_testcases/mousehover.js",
      "beforeHooks": [],
      "afterHooks": [],
      "tests": [],
      "suites": [
        {
          "uuid": "e1695792-53d0-49fe-b29a-c49eb72fd94f",
          "title": "Tutorialspoint Test",
          "fullFile": "",
          "file": "",
          "beforeHooks": [],
          "afterHooks": [],
          "tests": [
            {
              "title": "Scenario 1",
              "fullTitle": "Tutorialspoint Test Scenario 1",
              "timedOut": null,
              "duration": 7275,
              "state": "passed",
              "speed": "medium",
              "pass": true,
              "fail": false,
              "pending": false,
              "context": null,
              "code": "// test step for URL launching\ncy.viewport(1366, 768);\ncy.visit(\"https://www.rahulshettyacademy.com/AutomationPractice/\");\ncy.wait(200);\ncy.get('div[class=\"mouse-hover\"] div[class=\"mouse-hover-content\"]').invoke('show'); //cy.contains('Top').click({force: true})\ncy.get('a[href=\"#top\"]').click();\ncy.url().should('include', 'top'); //how to handle window  // button[id=\"openwindow\"]\n//a[id=\"opentab\"]\ncy.get('a[id=\"opentab\"]').then(function (el) {\n  const url = el.prop('href');\n  cy.log('url :>' + url);\n  cy.visit(url);\n});",
              "err": {},
              "uuid": "7e096d19-67d3-4675-92b6-bc3b288e6bd8",
              "parentUUID": "e1695792-53d0-49fe-b29a-c49eb72fd94f",
              "isHook": false,
              "skipped": false
            }
          ],
          "suites": [],
          "passes": [
            "7e096d19-67d3-4675-92b6-bc3b288e6bd8"
          ],
          "failures": [],
          "pending": [],
          "skipped": [],
          "duration": 7275,
          "root": false,
          "rootEmpty": false,
          "_timeout": 2000
        }
      ],
      "passes": [],
      "failures": [],
      "pending": [],
      "skipped": [],
      "duration": 0,
      "root": true,
      "rootEmpty": true,
      "_timeout": 2000
    }
  ],
  "meta": {
    "mocha": {
      "version": "7.0.1"
    },
    "mochawesome": {
      "options": {
        "quiet": false,
        "reportFilename": "report",
        "saveHtml": true,
        "saveJson": true,
        "consoleReporter": "spec",
        "useInlineDiffs": false,
        "code": true
      },
      "version": "7.1.3"
    },
    "marge": {
      "options": {
        "reportDir": "cypress/reports",
        "reportFilename": "report",
        "overwrite": false,
        "html": true,
        "json": true,
        "charts": true
      },
      "version": "6.2.0"
    }
  }
}