{
  "stats": {
    "suites": 1,
    "tests": 3,
    "passes": 3,
    "pending": 0,
    "failures": 0,
    "start": "2022-05-09T07:32:34.610Z",
    "end": "2022-05-09T07:32:55.571Z",
    "duration": 20961,
    "testsRegistered": 3,
    "passPercent": 100,
    "pendingPercent": 0,
    "other": 0,
    "hasOther": false,
    "skipped": 0,
    "hasSkipped": false
  },
  "results": [
    {
      "uuid": "f31907aa-1647-4a9a-8c41-bd4a20789667",
      "title": "",
      "fullFile": "cypress/integration/TestCase/Fileupload.js",
      "file": "cypress/integration/TestCase/Fileupload.js",
      "beforeHooks": [],
      "afterHooks": [],
      "tests": [],
      "suites": [
        {
          "uuid": "f902e99b-3b13-4b0f-86d5-0f5f4d4e6eb2",
          "title": "File upload App",
          "fullFile": "",
          "file": "",
          "beforeHooks": [],
          "afterHooks": [],
          "tests": [
            {
              "title": "file upload scenario",
              "fullTitle": "File upload App file upload scenario",
              "timedOut": null,
              "duration": 7962,
              "state": "passed",
              "speed": "medium",
              "pass": true,
              "fail": false,
              "pending": false,
              "context": null,
              "code": "cy.viewport(1366, 768);\ncy.visit('http://automationpractice.com/index.php?controller=contact');\nconst youtFixturepath = 'zymr-inc-vector-logo.png';\ncy.get('input#fileUpload', {\n  timeout: 10000\n}).attachFile(youtFixturepath);",
              "err": {},
              "uuid": "d6791684-5555-4a2b-ada7-f0a63cf9458d",
              "parentUUID": "f902e99b-3b13-4b0f-86d5-0f5f4d4e6eb2",
              "isHook": false,
              "skipped": false
            },
            {
              "title": "Drag & Drop file upload scenario",
              "fullTitle": "File upload App Drag & Drop file upload scenario",
              "timedOut": null,
              "duration": 630,
              "state": "passed",
              "speed": "fast",
              "pass": true,
              "fail": false,
              "pending": false,
              "context": null,
              "code": "cy.viewport(1366, 768);\ncy.visit('https://css-tricks.com/examples/DragAndDropFileUploading/');\nconst youtFixturepath = 'zymr-inc-vector-logo.png';\ncy.get('#file', {\n  timeout: 10000\n}).attachFile(youtFixturepath);\ncy.get('div.box__success').should('contain.text', 'Done! ');",
              "err": {},
              "uuid": "a6182313-4b58-4334-b409-154815bc08a7",
              "parentUUID": "f902e99b-3b13-4b0f-86d5-0f5f4d4e6eb2",
              "isHook": false,
              "skipped": false
            },
            {
              "title": "Multiple file upload scenario",
              "fullTitle": "File upload App Multiple file upload scenario",
              "timedOut": null,
              "duration": 4507,
              "state": "passed",
              "speed": "fast",
              "pass": true,
              "fail": false,
              "pending": false,
              "context": null,
              "code": "cy.viewport(1366, 768);\ncy.visit('https://davidwalsh.name/demo/multiple-file-upload.php');\nconst file1 = 'zymr-inc-vector-logo.png';\nconst file2 = 'Artboard.png';\nconst file3 = 'nature.jpeg';\nconst file4 = 'sea.jpeg';\ncy.get('#filesToUpload').attachFile(file1).attachFile(file2).attachFile(file3).attachFile(file4);\ncy.get('p:nth-child(6) > strong:nth-child(1)').should('contain.text', 'Files You Selected:');",
              "err": {},
              "uuid": "132343d9-bf4d-4f0e-b52c-65d83e74c812",
              "parentUUID": "f902e99b-3b13-4b0f-86d5-0f5f4d4e6eb2",
              "isHook": false,
              "skipped": false
            }
          ],
          "suites": [],
          "passes": [
            "d6791684-5555-4a2b-ada7-f0a63cf9458d",
            "a6182313-4b58-4334-b409-154815bc08a7",
            "132343d9-bf4d-4f0e-b52c-65d83e74c812"
          ],
          "failures": [],
          "pending": [],
          "skipped": [],
          "duration": 13099,
          "root": false,
          "rootEmpty": false,
          "_timeout": 2000
        }
      ],
      "passes": [],
      "failures": [],
      "pending": [],
      "skipped": [],
      "duration": 0,
      "root": true,
      "rootEmpty": true,
      "_timeout": 2000
    }
  ],
  "meta": {
    "mocha": {
      "version": "7.0.1"
    },
    "mochawesome": {
      "options": {
        "quiet": false,
        "reportFilename": "report",
        "saveHtml": true,
        "saveJson": true,
        "consoleReporter": "spec",
        "useInlineDiffs": false,
        "code": true
      },
      "version": "7.1.3"
    },
    "marge": {
      "options": {
        "reportDir": "cypress/reports",
        "reportFilename": "report",
        "overwrite": false,
        "html": true,
        "json": true,
        "charts": true
      },
      "version": "6.2.0"
    }
  }
}