{
  "stats": {
    "suites": 1,
    "tests": 1,
    "passes": 1,
    "pending": 0,
    "failures": 0,
    "start": "2022-07-14T12:23:09.546Z",
    "end": "2022-07-14T12:23:16.925Z",
    "duration": 7379,
    "testsRegistered": 1,
    "passPercent": 100,
    "pendingPercent": 0,
    "other": 0,
    "hasOther": false,
    "skipped": 0,
    "hasSkipped": false
  },
  "results": [
    {
      "uuid": "b3e4de2b-35fb-43e4-8607-ac27b1393585",
      "title": "",
      "fullFile": "cypress/e2e/sample_testcases/Selenium_practise.js",
      "file": "cypress/e2e/sample_testcases/Selenium_practise.js",
      "beforeHooks": [],
      "afterHooks": [],
      "tests": [],
      "suites": [
        {
          "uuid": "64421528-9d66-4415-b059-1f9459729230",
          "title": "Tutorialspoint Test",
          "fullFile": "",
          "file": "",
          "beforeHooks": [],
          "afterHooks": [],
          "tests": [
            {
              "title": "Scenario 1",
              "fullTitle": "Tutorialspoint Test Scenario 1",
              "timedOut": null,
              "duration": 5300,
              "state": "passed",
              "speed": "medium",
              "pass": true,
              "fail": false,
              "pending": false,
              "context": null,
              "code": "// test step for URL launching\ncy.viewport(1366, 768);\ncy.visit(\"https://rahulshettyacademy.com/seleniumPractise/#/\");\ncy.wait(200);\ncy.get('div.products div.product').each(($el, index, $list) => {\n  const headervalue = $el.find('h4').text();\n  cy.log(' Name: ' + headervalue);\n  if (headervalue.includes('Brocolli - 1 Kg')) {\n    cy.wrap($el).find('button').click();\n  }\n});\ncy.get('a.cart-icon').click();\ncy.contains('PROCEED TO CHECKOUT').click();\ncy.contains('Place Order').click();",
              "err": {},
              "uuid": "569fc960-c959-46b9-8002-e2af8f8a5033",
              "parentUUID": "64421528-9d66-4415-b059-1f9459729230",
              "isHook": false,
              "skipped": false
            }
          ],
          "suites": [],
          "passes": [
            "569fc960-c959-46b9-8002-e2af8f8a5033"
          ],
          "failures": [],
          "pending": [],
          "skipped": [],
          "duration": 5300,
          "root": false,
          "rootEmpty": false,
          "_timeout": 2000
        }
      ],
      "passes": [],
      "failures": [],
      "pending": [],
      "skipped": [],
      "duration": 0,
      "root": true,
      "rootEmpty": true,
      "_timeout": 2000
    }
  ],
  "meta": {
    "mocha": {
      "version": "7.0.1"
    },
    "mochawesome": {
      "options": {
        "quiet": false,
        "reportFilename": "report",
        "saveHtml": true,
        "saveJson": true,
        "consoleReporter": "spec",
        "useInlineDiffs": false,
        "code": true
      },
      "version": "7.1.3"
    },
    "marge": {
      "options": {
        "reportDir": "cypress/reports",
        "reportFilename": "report",
        "overwrite": false,
        "html": true,
        "json": true,
        "charts": true
      },
      "version": "6.2.0"
    }
  }
}