{
  "stats": {
    "suites": 1,
    "tests": 1,
    "passes": 0,
    "pending": 0,
    "failures": 1,
    "start": "2022-07-19T07:30:08.838Z",
    "end": "2022-07-19T07:30:17.077Z",
    "duration": 8239,
    "testsRegistered": 1,
    "passPercent": 0,
    "pendingPercent": 0,
    "other": 0,
    "hasOther": false,
    "skipped": 0,
    "hasSkipped": false
  },
  "results": [
    {
      "uuid": "073bba3e-5558-4492-87a7-de7f97c9a6b9",
      "title": "",
      "fullFile": "cypress/e2e/Cypress-framework/blur-focus.js",
      "file": "cypress/e2e/Cypress-framework/blur-focus.js",
      "beforeHooks": [],
      "afterHooks": [],
      "tests": [],
      "suites": [
        {
          "uuid": "8b486c4d-fdf6-4cdb-8d4e-3a0e2b1c153c",
          "title": "test suite",
          "fullFile": "",
          "file": "",
          "beforeHooks": [],
          "afterHooks": [],
          "tests": [
            {
              "title": "Type Username And Password",
              "fullTitle": "test suite Type Username And Password",
              "timedOut": null,
              "duration": 6179,
              "state": "failed",
              "speed": null,
              "pass": false,
              "fail": true,
              "pending": false,
              "context": null,
              "code": "cy.visit('https://www.programsbuzz.com/user/login');\ncy.get('form').within(function () {\n  cy.xpath(\"//input[@id='edit-name']\").focus().type('Rataalada').blur();\n});",
              "err": {
                "message": "TypeError: cy.xpath is not a function",
                "estack": "TypeError: cy.xpath is not a function\n    at Context.eval (https://www.programsbuzz.com/__cypress/tests?p=cypress/e2e/Cypress-framework/blur-focus.js:8:10)",
                "diff": null
              },
              "uuid": "fd1a5700-ff69-4774-a706-de15b7c86ab6",
              "parentUUID": "8b486c4d-fdf6-4cdb-8d4e-3a0e2b1c153c",
              "isHook": false,
              "skipped": false
            }
          ],
          "suites": [],
          "passes": [],
          "failures": [
            "fd1a5700-ff69-4774-a706-de15b7c86ab6"
          ],
          "pending": [],
          "skipped": [],
          "duration": 6179,
          "root": false,
          "rootEmpty": false,
          "_timeout": 2000
        }
      ],
      "passes": [],
      "failures": [],
      "pending": [],
      "skipped": [],
      "duration": 0,
      "root": true,
      "rootEmpty": true,
      "_timeout": 2000
    }
  ],
  "meta": {
    "mocha": {
      "version": "7.0.1"
    },
    "mochawesome": {
      "options": {
        "quiet": false,
        "reportFilename": "report",
        "saveHtml": true,
        "saveJson": true,
        "consoleReporter": "spec",
        "useInlineDiffs": false,
        "code": true
      },
      "version": "7.1.3"
    },
    "marge": {
      "options": {
        "reportDir": "cypress/reports",
        "reportFilename": "report",
        "overwrite": false,
        "html": true,
        "json": true,
        "charts": true
      },
      "version": "6.2.0"
    }
  }
}