{
  "stats": {
    "suites": 1,
    "tests": 2,
    "passes": 1,
    "pending": 0,
    "failures": 1,
    "start": "2022-07-18T09:23:15.297Z",
    "end": "2022-07-18T09:23:29.692Z",
    "duration": 14395,
    "testsRegistered": 2,
    "passPercent": 50,
    "pendingPercent": 0,
    "other": 0,
    "hasOther": false,
    "skipped": 0,
    "hasSkipped": false
  },
  "results": [
    {
      "uuid": "f699bfad-4175-4405-b540-9b7d04813e57",
      "title": "",
      "fullFile": "cypress/e2e/BDD/ecommerce.feature",
      "file": "cypress/e2e/BDD/ecommerce.feature",
      "beforeHooks": [],
      "afterHooks": [],
      "tests": [],
      "suites": [
        {
          "uuid": "c8acce77-cdae-434f-bca1-62d8a781c22a",
          "title": "End to End Ecommerce Validation",
          "fullFile": "",
          "file": "",
          "beforeHooks": [],
          "afterHooks": [],
          "tests": [
            {
              "title": "Ecommerce Product Delivery",
              "fullTitle": "End to End Ecommerce Validation Ecommerce Product Delivery",
              "timedOut": null,
              "duration": 2999,
              "state": "passed",
              "speed": "fast",
              "pass": true,
              "fail": false,
              "pending": false,
              "context": null,
              "code": "const state = window.testState;\nreturn cy\n  .then(() => state.onStartScenario(scenario, indexedSteps))\n  .then(() =>\n    resolveAndRunBeforeHooks.call(this, scenario.tags, state.feature.name)\n  )\n  .then(() =>\n    indexedSteps.forEach((step) =>\n      stepTest.call(this, state, step, rowData)\n    )\n  )\n  .then(() => state.onFinishScenario(scenario));",
              "err": {},
              "uuid": "96ef8577-f278-4930-a25a-73cf844ea980",
              "parentUUID": "c8acce77-cdae-434f-bca1-62d8a781c22a",
              "isHook": false,
              "skipped": false
            },
            {
              "title": "filling form to shop",
              "fullTitle": "End to End Ecommerce Validation filling form to shop",
              "timedOut": null,
              "duration": 8787,
              "state": "failed",
              "speed": null,
              "pass": false,
              "fail": true,
              "pending": false,
              "context": null,
              "code": "const state = window.testState;\nreturn cy\n  .then(() => state.onStartScenario(scenario, indexedSteps))\n  .then(() =>\n    resolveAndRunBeforeHooks.call(this, scenario.tags, state.feature.name)\n  )\n  .then(() =>\n    indexedSteps.forEach((step) =>\n      stepTest.call(this, state, step, rowData)\n    )\n  )\n  .then(() => state.onFinishScenario(scenario));",
              "err": {
                "message": "CypressError: Timed out retrying after 8000ms: `cy.select()` failed because it could not find a single `<option>` with value, index, or text matching: `female`\n\nhttps://on.cypress.io/select",
                "estack": "CypressError: Timed out retrying after 8000ms: `cy.select()` failed because it could not find a single `<option>` with value, index, or text matching: `female`\n\nhttps://on.cypress.io/select\n    at getOptions (https://www.rahulshettyacademy.com/__cypress/runner/cypress_runner.js:150913:80)\n    at tryCatcher (https://www.rahulshettyacademy.com/__cypress/runner/cypress_runner.js:13012:23)\n    at Promise.attempt.Promise.try (https://www.rahulshettyacademy.com/__cypress/runner/cypress_runner.js:10286:29)\n    at retryOptions (https://www.rahulshettyacademy.com/__cypress/runner/cypress_runner.js:150951:67)\n    at tryCatcher (https://www.rahulshettyacademy.com/__cypress/runner/cypress_runner.js:13012:23)\n    at Promise.attempt.Promise.try (https://www.rahulshettyacademy.com/__cypress/runner/cypress_runner.js:10286:29)\n    at whenStable (https://www.rahulshettyacademy.com/__cypress/runner/cypress_runner.js:166931:65)\n    at https://www.rahulshettyacademy.com/__cypress/runner/cypress_runner.js:166385:14\n    at tryCatcher (https://www.rahulshettyacademy.com/__cypress/runner/cypress_runner.js:13012:23)\n    at Promise._settlePromiseFromHandler (https://www.rahulshettyacademy.com/__cypress/runner/cypress_runner.js:10947:31)\n    at Promise._settlePromise (https://www.rahulshettyacademy.com/__cypress/runner/cypress_runner.js:11004:18)\n    at Promise._settlePromise0 (https://www.rahulshettyacademy.com/__cypress/runner/cypress_runner.js:11049:10)\n    at Promise._settlePromises (https://www.rahulshettyacademy.com/__cypress/runner/cypress_runner.js:11129:18)\n    at Promise._fulfill (https://www.rahulshettyacademy.com/__cypress/runner/cypress_runner.js:11073:18)\n    at https://www.rahulshettyacademy.com/__cypress/runner/cypress_runner.js:12687:46\nFrom Your Spec Code:\n    at Context.eval (https://www.rahulshettyacademy.com/__cypress/tests?p=cypress/e2e/BDD/ecommerce.feature:112:41)\n    at Context.resolveAndRunStepDefinition (https://www.rahulshettyacademy.com/__cypress/tests?p=cypress/e2e/BDD/ecommerce.feature:12543:29)\n    at Context.eval (https://www.rahulshettyacademy.com/__cypress/tests?p=cypress/e2e/BDD/ecommerce.feature:11864:35)",
                "diff": null
              },
              "uuid": "669401c1-ee26-40ee-9892-ebca95a60264",
              "parentUUID": "c8acce77-cdae-434f-bca1-62d8a781c22a",
              "isHook": false,
              "skipped": false
            }
          ],
          "suites": [],
          "passes": [
            "96ef8577-f278-4930-a25a-73cf844ea980"
          ],
          "failures": [
            "669401c1-ee26-40ee-9892-ebca95a60264"
          ],
          "pending": [],
          "skipped": [],
          "duration": 11786,
          "root": false,
          "rootEmpty": false,
          "_timeout": 2000
        }
      ],
      "passes": [],
      "failures": [],
      "pending": [],
      "skipped": [],
      "duration": 0,
      "root": true,
      "rootEmpty": true,
      "_timeout": 2000
    }
  ],
  "meta": {
    "mocha": {
      "version": "7.0.1"
    },
    "mochawesome": {
      "options": {
        "quiet": false,
        "reportFilename": "report",
        "saveHtml": true,
        "saveJson": true,
        "consoleReporter": "spec",
        "useInlineDiffs": false,
        "code": true
      },
      "version": "7.1.3"
    },
    "marge": {
      "options": {
        "reportDir": "cypress/reports",
        "reportFilename": "report",
        "overwrite": false,
        "html": true,
        "json": true,
        "charts": true
      },
      "version": "6.2.0"
    }
  }
}