{
  "stats": {
    "suites": 1,
    "tests": 3,
    "passes": 3,
    "pending": 0,
    "failures": 0,
    "start": "2022-05-10T04:00:45.441Z",
    "end": "2022-05-10T04:01:03.802Z",
    "duration": 18361,
    "testsRegistered": 3,
    "passPercent": 100,
    "pendingPercent": 0,
    "other": 0,
    "hasOther": false,
    "skipped": 0,
    "hasSkipped": false
  },
  "results": [
    {
      "uuid": "6d64bfc8-2a4c-4055-ae14-777a25ae055d",
      "title": "",
      "fullFile": "cypress/integration/TestCase/Fileupload.js",
      "file": "cypress/integration/TestCase/Fileupload.js",
      "beforeHooks": [],
      "afterHooks": [],
      "tests": [],
      "suites": [
        {
          "uuid": "3b845995-6646-48fc-81f1-5b8596d6a52a",
          "title": "File upload App",
          "fullFile": "",
          "file": "",
          "beforeHooks": [],
          "afterHooks": [],
          "tests": [
            {
              "title": "file upload scenario",
              "fullTitle": "File upload App file upload scenario",
              "timedOut": null,
              "duration": 4929,
              "state": "passed",
              "speed": "fast",
              "pass": true,
              "fail": false,
              "pending": false,
              "context": null,
              "code": "cy.viewport(1366, 768);\ncy.visit('http://automationpractice.com/index.php?controller=contact');\nconst youtFixturepath = 'zymr-inc-vector-logo.png';\ncy.get('input#fileUpload', {\n  timeout: 10000\n}).attachFile(youtFixturepath);",
              "err": {},
              "uuid": "d54fd582-afe7-43c9-8e13-0df623ed6e0c",
              "parentUUID": "3b845995-6646-48fc-81f1-5b8596d6a52a",
              "isHook": false,
              "skipped": false
            },
            {
              "title": "Drag & Drop file upload scenario",
              "fullTitle": "File upload App Drag & Drop file upload scenario",
              "timedOut": null,
              "duration": 2188,
              "state": "passed",
              "speed": "fast",
              "pass": true,
              "fail": false,
              "pending": false,
              "context": null,
              "code": "cy.viewport(1366, 768);\ncy.visit('https://css-tricks.com/examples/DragAndDropFileUploading/');\nconst youtFixturepath = 'zymr-inc-vector-logo.png';\ncy.get('#file', {\n  timeout: 10000\n}).attachFile(youtFixturepath);\ncy.get('div.box__success').should('contain.text', 'Done! ');",
              "err": {},
              "uuid": "32c17369-2a2f-456c-b342-9ddb19a550fc",
              "parentUUID": "3b845995-6646-48fc-81f1-5b8596d6a52a",
              "isHook": false,
              "skipped": false
            },
            {
              "title": "Multiple file upload scenario",
              "fullTitle": "File upload App Multiple file upload scenario",
              "timedOut": null,
              "duration": 3428,
              "state": "passed",
              "speed": "fast",
              "pass": true,
              "fail": false,
              "pending": false,
              "context": null,
              "code": "cy.viewport(1366, 768);\ncy.visit('https://davidwalsh.name/demo/multiple-file-upload.php');\nconst file1 = 'zymr-inc-vector-logo.png';\nconst file2 = 'Artboard.png';\nconst file3 = 'nature.jpeg';\nconst file4 = 'sea.jpeg';\ncy.get('#filesToUpload').attachFile(file1).attachFile(file2).attachFile(file3).attachFile(file4);\ncy.get('p:nth-child(6) > strong:nth-child(1)').should('contain.text', 'Files You Selected:');",
              "err": {},
              "uuid": "be56fb4d-ed4e-4426-9a79-156725b86811",
              "parentUUID": "3b845995-6646-48fc-81f1-5b8596d6a52a",
              "isHook": false,
              "skipped": false
            }
          ],
          "suites": [],
          "passes": [
            "d54fd582-afe7-43c9-8e13-0df623ed6e0c",
            "32c17369-2a2f-456c-b342-9ddb19a550fc",
            "be56fb4d-ed4e-4426-9a79-156725b86811"
          ],
          "failures": [],
          "pending": [],
          "skipped": [],
          "duration": 10545,
          "root": false,
          "rootEmpty": false,
          "_timeout": 2000
        }
      ],
      "passes": [],
      "failures": [],
      "pending": [],
      "skipped": [],
      "duration": 0,
      "root": true,
      "rootEmpty": true,
      "_timeout": 2000
    }
  ],
  "meta": {
    "mocha": {
      "version": "7.0.1"
    },
    "mochawesome": {
      "options": {
        "quiet": false,
        "reportFilename": "report",
        "saveHtml": true,
        "saveJson": true,
        "consoleReporter": "spec",
        "useInlineDiffs": false,
        "code": true
      },
      "version": "7.1.3"
    },
    "marge": {
      "options": {
        "reportDir": "cypress/reports",
        "reportFilename": "report",
        "overwrite": false,
        "html": true,
        "json": true,
        "charts": true
      },
      "version": "6.2.0"
    }
  }
}