{
  "stats": {
    "suites": 1,
    "tests": 1,
    "passes": 1,
    "pending": 0,
    "failures": 0,
    "start": "2022-07-14T12:14:15.169Z",
    "end": "2022-07-14T12:14:26.063Z",
    "duration": 10894,
    "testsRegistered": 1,
    "passPercent": 100,
    "pendingPercent": 0,
    "other": 0,
    "hasOther": false,
    "skipped": 0,
    "hasSkipped": false
  },
  "results": [
    {
      "uuid": "e9e960fb-4059-4ab0-9ce6-ff7c9f28a3f0",
      "title": "",
      "fullFile": "cypress/e2e/sample_testcases/naykafashion.js",
      "file": "cypress/e2e/sample_testcases/naykafashion.js",
      "beforeHooks": [],
      "afterHooks": [],
      "tests": [],
      "suites": [
        {
          "uuid": "1d80e8ab-13b5-4993-8377-b7d9e6455d51",
          "title": "Tutorialspoint Test",
          "fullFile": "",
          "file": "",
          "beforeHooks": [],
          "afterHooks": [],
          "tests": [
            {
              "title": "Scenario 1",
              "fullTitle": "Tutorialspoint Test Scenario 1",
              "timedOut": null,
              "duration": 8010,
              "state": "passed",
              "speed": "medium",
              "pass": true,
              "fail": false,
              "pending": false,
              "context": null,
              "code": "// test step for URL launching\ncy.viewport(1366, 768);\ncy.visit(\"https://www.nykaafashion.com/\");\ncy.wait(200); //alias create in cypress\ncy.get(\"div[class='css-1xh7gv9'] a:visible\").as('menulocator');\ncy.get('@menulocator').should('have.length', '6');\ncy.get('@menulocator').eq(1).contains('Men'); //log method to print output  with then method \ncy.wait(2000);\ncy.get(\"div[class='css-r5u4mn'] span\").then(function (ele) {\n  cy.log('banner textName' + ele.text()).should('have.text', 'Download the Nykaa Fashion app and get ₹150 off*. Use code: NF150');\n});\ncy.get('@menulocator').each(($el, index, $list) => {\n  const headervalue = $el.find(\"span\").text();\n  cy.log(' Name: ' + headervalue);\n  if (headervalue.includes('Men')) {\n    cy.wrap($el).find('span').click();\n  }\n});\n/*\ncy.get('button[class=\"cp-header  css-1skuidv\"] div').each(($el, index, $list) => {\n     const headervalue = $el.text()\n   cy.log(' Name: ' + headervalue)\n   if (headervalue.includes('Watches')) {\n      cy.wrap($el).click()\n   }\n})*/",
              "err": {},
              "uuid": "7a55d364-2985-41d8-8d52-57d4dacbeb66",
              "parentUUID": "1d80e8ab-13b5-4993-8377-b7d9e6455d51",
              "isHook": false,
              "skipped": false
            }
          ],
          "suites": [],
          "passes": [
            "7a55d364-2985-41d8-8d52-57d4dacbeb66"
          ],
          "failures": [],
          "pending": [],
          "skipped": [],
          "duration": 8010,
          "root": false,
          "rootEmpty": false,
          "_timeout": 2000
        }
      ],
      "passes": [],
      "failures": [],
      "pending": [],
      "skipped": [],
      "duration": 0,
      "root": true,
      "rootEmpty": true,
      "_timeout": 2000
    }
  ],
  "meta": {
    "mocha": {
      "version": "7.0.1"
    },
    "mochawesome": {
      "options": {
        "quiet": false,
        "reportFilename": "report",
        "saveHtml": true,
        "saveJson": true,
        "consoleReporter": "spec",
        "useInlineDiffs": false,
        "code": true
      },
      "version": "7.1.3"
    },
    "marge": {
      "options": {
        "reportDir": "cypress/reports",
        "reportFilename": "report",
        "overwrite": false,
        "html": true,
        "json": true,
        "charts": true
      },
      "version": "6.2.0"
    }
  }
}