{
  "stats": {
    "suites": 1,
    "tests": 1,
    "passes": 0,
    "pending": 0,
    "failures": 1,
    "start": "2022-07-14T12:23:38.403Z",
    "end": "2022-07-14T12:23:53.164Z",
    "duration": 14761,
    "testsRegistered": 1,
    "passPercent": 0,
    "pendingPercent": 0,
    "other": 0,
    "hasOther": false,
    "skipped": 0,
    "hasSkipped": false
  },
  "results": [
    {
      "uuid": "7252da59-9bbf-4482-9ef7-4d0adcb6580b",
      "title": "",
      "fullFile": "cypress/e2e/sample_testcases/checkbox_radio.js",
      "file": "cypress/e2e/sample_testcases/checkbox_radio.js",
      "beforeHooks": [],
      "afterHooks": [],
      "tests": [],
      "suites": [
        {
          "uuid": "6527bbc9-b9c8-499b-afae-f97ee837e8ae",
          "title": "Tutorialspoint Test",
          "fullFile": "",
          "file": "",
          "beforeHooks": [],
          "afterHooks": [],
          "tests": [
            {
              "title": "Scenario 1",
              "fullTitle": "Tutorialspoint Test Scenario 1",
              "timedOut": null,
              "duration": 12325,
              "state": "failed",
              "speed": null,
              "pass": false,
              "fail": true,
              "pending": false,
              "context": null,
              "code": "// test step for URL launching\ncy.viewport(1366, 768); // cy.visit(\"https://www.rahulshettyacademy.com/AutomationPractice/\");\ncy.visit(\"https://www.rahulshettyacademy.com/\");\ncy.wait(200);\ncy.get('#checkBoxOption1').check().should('be.checked').and('have.value', 'option1');\ncy.get('#checkBoxOption1').uncheck().should('not.be.checked');\ncy.get(\"div[id='checkbox-example'] input[type='checkbox']\").check(['option2', 'option3']); //radio button property \ncy.get('input[value=\"radio2\"]').check().should('be.checked').and('have.value', 'radio2');",
              "err": {
                "message": "AssertionError: Timed out retrying after 8000ms: Expected to find element: `#checkBoxOption1`, but never found it.",
                "estack": "AssertionError: Timed out retrying after 8000ms: Expected to find element: `#checkBoxOption1`, but never found it.\n    at Context.eval (https://www.rahulshettyacademy.com/__cypress/tests?p=cypress/e2e/sample_testcases/checkbox_radio.js:108:8)",
                "diff": null
              },
              "uuid": "e44eff0c-674a-4196-a8d8-ff3538a8861f",
              "parentUUID": "6527bbc9-b9c8-499b-afae-f97ee837e8ae",
              "isHook": false,
              "skipped": false
            }
          ],
          "suites": [],
          "passes": [],
          "failures": [
            "e44eff0c-674a-4196-a8d8-ff3538a8861f"
          ],
          "pending": [],
          "skipped": [],
          "duration": 12325,
          "root": false,
          "rootEmpty": false,
          "_timeout": 2000
        }
      ],
      "passes": [],
      "failures": [],
      "pending": [],
      "skipped": [],
      "duration": 0,
      "root": true,
      "rootEmpty": true,
      "_timeout": 2000
    }
  ],
  "meta": {
    "mocha": {
      "version": "7.0.1"
    },
    "mochawesome": {
      "options": {
        "quiet": false,
        "reportFilename": "report",
        "saveHtml": true,
        "saveJson": true,
        "consoleReporter": "spec",
        "useInlineDiffs": false,
        "code": true
      },
      "version": "7.1.3"
    },
    "marge": {
      "options": {
        "reportDir": "cypress/reports",
        "reportFilename": "report",
        "overwrite": false,
        "html": true,
        "json": true,
        "charts": true
      },
      "version": "6.2.0"
    }
  }
}