{
  "stats": {
    "suites": 1,
    "tests": 1,
    "passes": 1,
    "pending": 0,
    "failures": 0,
    "start": "2022-07-14T12:24:45.333Z",
    "end": "2022-07-14T12:24:54.692Z",
    "duration": 9359,
    "testsRegistered": 1,
    "passPercent": 100,
    "pendingPercent": 0,
    "other": 0,
    "hasOther": false,
    "skipped": 0,
    "hasSkipped": false
  },
  "results": [
    {
      "uuid": "d753fcc7-06a3-42e5-8677-69989dbee196",
      "title": "",
      "fullFile": "cypress/e2e/sample_testcases/mousehover.js",
      "file": "cypress/e2e/sample_testcases/mousehover.js",
      "beforeHooks": [],
      "afterHooks": [],
      "tests": [],
      "suites": [
        {
          "uuid": "dd05d8a4-b528-46de-b7b6-eb5bca2bb8c3",
          "title": "Tutorialspoint Test",
          "fullFile": "",
          "file": "",
          "beforeHooks": [],
          "afterHooks": [],
          "tests": [
            {
              "title": "Scenario 1",
              "fullTitle": "Tutorialspoint Test Scenario 1",
              "timedOut": null,
              "duration": 7207,
              "state": "passed",
              "speed": "medium",
              "pass": true,
              "fail": false,
              "pending": false,
              "context": null,
              "code": "// test step for URL launching\ncy.viewport(1366, 768);\ncy.visit(\"https://www.rahulshettyacademy.com/AutomationPractice/\");\ncy.wait(200);\ncy.get('div[class=\"mouse-hover\"] div[class=\"mouse-hover-content\"]').invoke('show'); //cy.contains('Top').click({force: true})\ncy.get('a[href=\"#top\"]').click();\ncy.url().should('include', 'top'); //how to handle window  // button[id=\"openwindow\"]\n//a[id=\"opentab\"]\ncy.get('a[id=\"opentab\"]').then(function (el) {\n  const url = el.prop('href');\n  cy.log('url :>' + url);\n  cy.visit(url);\n});",
              "err": {},
              "uuid": "303b3815-efa3-4c75-91ec-7b4c7ee9dd7d",
              "parentUUID": "dd05d8a4-b528-46de-b7b6-eb5bca2bb8c3",
              "isHook": false,
              "skipped": false
            }
          ],
          "suites": [],
          "passes": [
            "303b3815-efa3-4c75-91ec-7b4c7ee9dd7d"
          ],
          "failures": [],
          "pending": [],
          "skipped": [],
          "duration": 7207,
          "root": false,
          "rootEmpty": false,
          "_timeout": 2000
        }
      ],
      "passes": [],
      "failures": [],
      "pending": [],
      "skipped": [],
      "duration": 0,
      "root": true,
      "rootEmpty": true,
      "_timeout": 2000
    }
  ],
  "meta": {
    "mocha": {
      "version": "7.0.1"
    },
    "mochawesome": {
      "options": {
        "quiet": false,
        "reportFilename": "report",
        "saveHtml": true,
        "saveJson": true,
        "consoleReporter": "spec",
        "useInlineDiffs": false,
        "code": true
      },
      "version": "7.1.3"
    },
    "marge": {
      "options": {
        "reportDir": "cypress/reports",
        "reportFilename": "report",
        "overwrite": false,
        "html": true,
        "json": true,
        "charts": true
      },
      "version": "6.2.0"
    }
  }
}