{
  "stats": {
    "suites": 1,
    "tests": 1,
    "passes": 1,
    "pending": 0,
    "failures": 0,
    "start": "2022-07-19T07:25:09.925Z",
    "end": "2022-07-19T07:25:15.727Z",
    "duration": 5802,
    "testsRegistered": 1,
    "passPercent": 100,
    "pendingPercent": 0,
    "other": 0,
    "hasOther": false,
    "skipped": 0,
    "hasSkipped": false
  },
  "results": [
    {
      "uuid": "dc62360d-a9a2-4cbe-89c0-a1479431ea8a",
      "title": "",
      "fullFile": "cypress/e2e/Cypress-framework/cy_framework1.js",
      "file": "cypress/e2e/Cypress-framework/cy_framework1.js",
      "beforeHooks": [],
      "afterHooks": [],
      "tests": [],
      "suites": [
        {
          "uuid": "50daafc0-f4f6-4a99-99ca-070dc3f340a8",
          "title": "test suite",
          "fullFile": "",
          "file": "",
          "beforeHooks": [],
          "afterHooks": [],
          "tests": [
            {
              "title": "first test case",
              "fullTitle": "test suite first test case",
              "timedOut": null,
              "duration": 3794,
              "state": "passed",
              "speed": "fast",
              "pass": true,
              "fail": false,
              "pending": false,
              "context": null,
              "code": "cy.visit(Cypress.env('weburl') + \"/angularpractice/\");\n_Homepage[\"default\"].fillname().type(this.data.name).and('be.visible').as('name').focus().blur();\n_Homepage[\"default\"].selectgender().select(this.data.gender).and('be.visible').as('gender');\n_Homepage[\"default\"].databinding().should('have.value', this.data.name).and('be.visible'); //attribute for validation\n\n_Homepage[\"default\"].fillname().should('have.attr', 'minlength', '2');\n_Homepage[\"default\"].employee_status_Entrepreneur().should('be.disabled');\n_Homepage[\"default\"].shoplink().click(); //cy.pause()\n//Parameterized test with multiple data\n\nthis.data.productName.forEach(function (element) {\n  //reusabled *** select product method\n  cy.selectproduct(element);\n});\n_Productpage[\"default\"].btn_shoppingcheckout().click();\nvar sum = 0;\n_Productpage[\"default\"].cartproduct_totalprice().each(function ($el, index, $list) {\n  var price = $el.text();\n  var res = price.split(\" \");\n  res = res[1].trim();\n  cy.log(res);\n  sum = Number(sum) + Number(res);\n}).then(function () {\n  cy.log(sum);\n});\n_Productpage[\"default\"].carttotal().then(function (totalprice) {\n  var total_price = totalprice.text();\n  var total = total_price.split(\" \");\n  var total = total[1].trim();\n  cy.log(total);\n  expect(Number(total)).to.equal(Number(sum));\n});\n_Productpage[\"default\"].btncheckout().click();\n_Productpage[\"default\"].fillcountry().type(\"India\");\n_Productpage[\"default\"].checkbox_terms().check({\n  force: true\n});\n_Productpage[\"default\"].purchased_order().click();\n_Productpage[\"default\"].success_message().then(function (element) {\n  cy.log(element.text());\n  var actualtext = element.text();\n  expect(actualtext.includes(\"Success! Thank you! Your order will be delivered in next few weeks\")).to.be[\"true\"];\n});",
              "err": {},
              "uuid": "99c82eda-70fc-4adc-9425-bfa70591a6cc",
              "parentUUID": "50daafc0-f4f6-4a99-99ca-070dc3f340a8",
              "isHook": false,
              "skipped": false
            }
          ],
          "suites": [],
          "passes": [
            "99c82eda-70fc-4adc-9425-bfa70591a6cc"
          ],
          "failures": [],
          "pending": [],
          "skipped": [],
          "duration": 3794,
          "root": false,
          "rootEmpty": false,
          "_timeout": 2000
        }
      ],
      "passes": [],
      "failures": [],
      "pending": [],
      "skipped": [],
      "duration": 0,
      "root": true,
      "rootEmpty": true,
      "_timeout": 2000
    }
  ],
  "meta": {
    "mocha": {
      "version": "7.0.1"
    },
    "mochawesome": {
      "options": {
        "quiet": false,
        "reportFilename": "report",
        "saveHtml": true,
        "saveJson": true,
        "consoleReporter": "spec",
        "useInlineDiffs": false,
        "code": true
      },
      "version": "7.1.3"
    },
    "marge": {
      "options": {
        "reportDir": "cypress/reports",
        "reportFilename": "report",
        "overwrite": false,
        "html": true,
        "json": true,
        "charts": true
      },
      "version": "6.2.0"
    }
  }
}