{
  "stats": {
    "suites": 1,
    "tests": 3,
    "passes": 3,
    "pending": 0,
    "failures": 0,
    "start": "2022-07-14T11:46:00.801Z",
    "end": "2022-07-14T11:46:09.067Z",
    "duration": 8266,
    "testsRegistered": 3,
    "passPercent": 100,
    "pendingPercent": 0,
    "other": 0,
    "hasOther": false,
    "skipped": 0,
    "hasSkipped": false
  },
  "results": [
    {
      "uuid": "82a64a21-6986-44f3-8c49-f21e2ede74cf",
      "title": "",
      "fullFile": "cypress/e2e/API_Testing/getapi.js",
      "file": "cypress/e2e/API_Testing/getapi.js",
      "beforeHooks": [],
      "afterHooks": [],
      "tests": [],
      "suites": [
        {
          "uuid": "6c2d1413-eef4-4809-b0ae-c5addb2b40c3",
          "title": "API Testing App",
          "fullFile": "",
          "file": "",
          "beforeHooks": [],
          "afterHooks": [],
          "tests": [
            {
              "title": "Get API Test",
              "fullTitle": "API Testing App Get API Test",
              "timedOut": null,
              "duration": 7839,
              "state": "passed",
              "speed": "medium",
              "pass": true,
              "fail": false,
              "pending": false,
              "context": null,
              "code": "cy.request('https://flask-rest-api-demo.herokuapp.com/product/motorbike').then(resp => {\n  expect(resp.status).equal(200);\n  expect(resp.body.product[0]).has.property('price', 599.99);\n  expect(resp.body.product[0]).has.property('product', 'motorbike');\n});",
              "err": {},
              "uuid": "1744a454-b863-40ba-8b5d-ea6f7a8e1bf1",
              "parentUUID": "6c2d1413-eef4-4809-b0ae-c5addb2b40c3",
              "isHook": false,
              "skipped": false
            },
            {
              "title": "Get API Test",
              "fullTitle": "API Testing App Get API Test",
              "timedOut": null,
              "duration": 319,
              "state": "passed",
              "speed": "fast",
              "pass": true,
              "fail": false,
              "pending": false,
              "context": null,
              "code": "cy.request('https://flask-rest-api-demo.herokuapp.com/users').then(resp => {\n  expect(resp.status).equal(200);\n  expect(resp.body.users[0]).has.property('username', 'test_1');\n  expect(resp.body.users[0]).has.property('password', 'qwert');\n  expect(resp.body.users[1]).has.property('id', 2);\n  expect(resp.body.users).has.length(5);\n  expect(resp.body.users[0]).not.have.property('price');\n});",
              "err": {},
              "uuid": "2b9b7b63-4d89-4fcc-8958-ee3c3f0ef64a",
              "parentUUID": "6c2d1413-eef4-4809-b0ae-c5addb2b40c3",
              "isHook": false,
              "skipped": false
            },
            {
              "title": "Get Reqres Test",
              "fullTitle": "API Testing App Get Reqres Test",
              "timedOut": null,
              "duration": 51,
              "state": "passed",
              "speed": "fast",
              "pass": true,
              "fail": false,
              "pending": false,
              "context": null,
              "code": "cy.request('https://reqres.in/api/users?page=2').as('user list api').then(resp => {\n  expect(resp.status).equal(200);\n  expect(resp.body.data[0]).has.property('first_name', 'Michael');\n  expect(resp.body.data[1]).has.property('last_name', 'Ferguson');\n});",
              "err": {},
              "uuid": "8c25a434-3230-4bbf-95d5-d7df36a6653c",
              "parentUUID": "6c2d1413-eef4-4809-b0ae-c5addb2b40c3",
              "isHook": false,
              "skipped": false
            }
          ],
          "suites": [],
          "passes": [
            "1744a454-b863-40ba-8b5d-ea6f7a8e1bf1",
            "2b9b7b63-4d89-4fcc-8958-ee3c3f0ef64a",
            "8c25a434-3230-4bbf-95d5-d7df36a6653c"
          ],
          "failures": [],
          "pending": [],
          "skipped": [],
          "duration": 8209,
          "root": false,
          "rootEmpty": false,
          "_timeout": 2000
        }
      ],
      "passes": [],
      "failures": [],
      "pending": [],
      "skipped": [],
      "duration": 0,
      "root": true,
      "rootEmpty": true,
      "_timeout": 2000
    }
  ],
  "meta": {
    "mocha": {
      "version": "7.0.1"
    },
    "mochawesome": {
      "options": {
        "quiet": false,
        "reportFilename": "report",
        "saveHtml": true,
        "saveJson": true,
        "consoleReporter": "spec",
        "useInlineDiffs": false,
        "code": true
      },
      "version": "7.1.3"
    },
    "marge": {
      "options": {
        "reportDir": "cypress/reports",
        "reportFilename": "report",
        "overwrite": false,
        "html": true,
        "json": true,
        "charts": true
      },
      "version": "6.2.0"
    }
  }
}