{
  "stats": {
    "suites": 1,
    "tests": 2,
    "passes": 2,
    "pending": 0,
    "failures": 0,
    "start": "2022-05-09T07:02:36.968Z",
    "end": "2022-05-09T07:02:56.485Z",
    "duration": 19517,
    "testsRegistered": 2,
    "passPercent": 100,
    "pendingPercent": 0,
    "other": 0,
    "hasOther": false,
    "skipped": 0,
    "hasSkipped": false
  },
  "results": [
    {
      "uuid": "69f0207e-249f-47e6-9d44-d5256accbb36",
      "title": "",
      "fullFile": "cypress/integration/TestCase/search_common.js",
      "file": "cypress/integration/TestCase/search_common.js",
      "beforeHooks": [],
      "afterHooks": [],
      "tests": [],
      "suites": [
        {
          "uuid": "030c0e1a-e57c-431e-a317-9a2e95e458f7",
          "title": "Launch App",
          "fullFile": "",
          "file": "",
          "beforeHooks": [],
          "afterHooks": [],
          "tests": [
            {
              "title": "Lunch Website",
              "fullTitle": "Launch App Lunch Website",
              "timedOut": null,
              "duration": 10542,
              "state": "passed",
              "speed": "slow",
              "pass": true,
              "fail": false,
              "pending": false,
              "context": null,
              "code": "cy.visit('http://automationpractice.com/index.php');\ncy.viewport(1920, 1080);",
              "err": {},
              "uuid": "da1547c1-31ea-4347-b524-64e73a61d1f7",
              "parentUUID": "030c0e1a-e57c-431e-a317-9a2e95e458f7",
              "isHook": false,
              "skipped": false
            },
            {
              "title": "User should search product",
              "fullTitle": "Launch App User should search product",
              "timedOut": null,
              "duration": 5327,
              "state": "passed",
              "speed": "medium",
              "pass": true,
              "fail": false,
              "pending": false,
              "context": null,
              "code": "cy.Searchproduct('Dress');\ncy.get('.lighter').should('contain.text', 'Dress');",
              "err": {},
              "uuid": "1d6a50d1-a462-4378-ad0e-bd58d9b00af7",
              "parentUUID": "030c0e1a-e57c-431e-a317-9a2e95e458f7",
              "isHook": false,
              "skipped": false
            }
          ],
          "suites": [],
          "passes": [
            "da1547c1-31ea-4347-b524-64e73a61d1f7",
            "1d6a50d1-a462-4378-ad0e-bd58d9b00af7"
          ],
          "failures": [],
          "pending": [],
          "skipped": [],
          "duration": 15869,
          "root": false,
          "rootEmpty": false,
          "_timeout": 2000
        }
      ],
      "passes": [],
      "failures": [],
      "pending": [],
      "skipped": [],
      "duration": 0,
      "root": true,
      "rootEmpty": true,
      "_timeout": 2000
    }
  ],
  "meta": {
    "mocha": {
      "version": "7.0.1"
    },
    "mochawesome": {
      "options": {
        "quiet": false,
        "reportFilename": "report",
        "saveHtml": true,
        "saveJson": true,
        "consoleReporter": "spec",
        "useInlineDiffs": false,
        "code": true
      },
      "version": "7.1.3"
    },
    "marge": {
      "options": {
        "reportDir": "cypress/reports",
        "reportFilename": "report",
        "overwrite": false,
        "html": true,
        "json": true,
        "charts": true
      },
      "version": "6.2.0"
    }
  }
}