{
  "stats": {
    "suites": 1,
    "tests": 6,
    "passes": 6,
    "pending": 0,
    "failures": 0,
    "start": "2022-05-09T07:32:56.811Z",
    "end": "2022-05-09T07:33:57.962Z",
    "duration": 61151,
    "testsRegistered": 6,
    "passPercent": 100,
    "pendingPercent": 0,
    "other": 0,
    "hasOther": false,
    "skipped": 0,
    "hasSkipped": false
  },
  "results": [
    {
      "uuid": "073e9112-4520-46cd-a288-633cb308dbac",
      "title": "",
      "fullFile": "cypress/integration/TestCase/login_Scenario.js",
      "file": "cypress/integration/TestCase/login_Scenario.js",
      "beforeHooks": [],
      "afterHooks": [],
      "tests": [],
      "suites": [
        {
          "uuid": "b18fa05d-e065-4c0f-82c6-1c6f911f97e1",
          "title": "Launch App",
          "fullFile": "",
          "file": "",
          "beforeHooks": [],
          "afterHooks": [],
          "tests": [
            {
              "title": "User Should Login Case",
              "fullTitle": "Launch App User Should Login Case",
              "timedOut": null,
              "duration": 15238,
              "state": "passed",
              "speed": "slow",
              "pass": true,
              "fail": false,
              "pending": false,
              "context": null,
              "code": "cy.url().should('include', '/my-account/');\ncy.get('nav.woocommerce-MyAccount-navigation>ul>li').should('have.length', '6');",
              "err": {},
              "uuid": "c0c9748f-8183-4eb0-b3fd-1aaebb3dff22",
              "parentUUID": "b18fa05d-e065-4c0f-82c6-1c6f911f97e1",
              "isHook": false,
              "skipped": false
            },
            {
              "title": "Click on Address link",
              "fullTitle": "Launch App Click on Address link",
              "timedOut": null,
              "duration": 10139,
              "state": "passed",
              "speed": "slow",
              "pass": true,
              "fail": false,
              "pending": false,
              "context": null,
              "code": "cy.viewport(1920, 1080);\ncy.wait(500);\ncy.get('nav.woocommerce-MyAccount-navigation>ul>li:nth-of-type(4)>a').click().url().should('include', '/edit-address/');",
              "err": {},
              "uuid": "7f70b36d-c50c-4c53-b87f-7b1fb1ad31b9",
              "parentUUID": "b18fa05d-e065-4c0f-82c6-1c6f911f97e1",
              "isHook": false,
              "skipped": false
            },
            {
              "title": "Click on Dashboard link",
              "fullTitle": "Launch App Click on Dashboard link",
              "timedOut": null,
              "duration": 8399,
              "state": "passed",
              "speed": "medium",
              "pass": true,
              "fail": false,
              "pending": false,
              "context": null,
              "code": "cy.viewport(1920, 1080);\ncy.wait(500);\ncy.get('nav.woocommerce-MyAccount-navigation>ul>li:nth-of-type(1)>a').click().url().should('include', '/my-account/');",
              "err": {},
              "uuid": "888a8ef1-55b2-4119-b400-b34e90f7933f",
              "parentUUID": "b18fa05d-e065-4c0f-82c6-1c6f911f97e1",
              "isHook": false,
              "skipped": false
            },
            {
              "title": "Click on Orders link",
              "fullTitle": "Launch App Click on Orders link",
              "timedOut": null,
              "duration": 8988,
              "state": "passed",
              "speed": "medium",
              "pass": true,
              "fail": false,
              "pending": false,
              "context": null,
              "code": "cy.viewport(1920, 1080);\ncy.wait(500);\ncy.get('nav.woocommerce-MyAccount-navigation>ul>li:nth-of-type(2)>a').click().url().should('include', '/orders/');",
              "err": {},
              "uuid": "ddb5c1ac-e0f5-4962-a8e5-6c9de698a0e3",
              "parentUUID": "b18fa05d-e065-4c0f-82c6-1c6f911f97e1",
              "isHook": false,
              "skipped": false
            },
            {
              "title": "Click on Download link",
              "fullTitle": "Launch App Click on Download link",
              "timedOut": null,
              "duration": 7560,
              "state": "passed",
              "speed": "medium",
              "pass": true,
              "fail": false,
              "pending": false,
              "context": null,
              "code": "cy.viewport(1920, 1080);\ncy.wait(500);\ncy.get('nav.woocommerce-MyAccount-navigation>ul>li:nth-of-type(3)>a').click().url().should('include', '/downloads/');",
              "err": {},
              "uuid": "e439e635-44a1-4471-83bd-95d6904faedc",
              "parentUUID": "b18fa05d-e065-4c0f-82c6-1c6f911f97e1",
              "isHook": false,
              "skipped": false
            },
            {
              "title": "Click on Download link",
              "fullTitle": "Launch App Click on Download link",
              "timedOut": null,
              "duration": 8054,
              "state": "passed",
              "speed": "medium",
              "pass": true,
              "fail": false,
              "pending": false,
              "context": null,
              "code": "cy.viewport(1920, 1080);\ncy.wait(500);\ncy.get('nav.woocommerce-MyAccount-navigation>ul>li:nth-of-type(3)>a').click().url().should('include', '/downloads/');",
              "err": {},
              "uuid": "fec567a2-1db8-4b7e-9e31-456938bc85c5",
              "parentUUID": "b18fa05d-e065-4c0f-82c6-1c6f911f97e1",
              "isHook": false,
              "skipped": false
            }
          ],
          "suites": [],
          "passes": [
            "c0c9748f-8183-4eb0-b3fd-1aaebb3dff22",
            "7f70b36d-c50c-4c53-b87f-7b1fb1ad31b9",
            "888a8ef1-55b2-4119-b400-b34e90f7933f",
            "ddb5c1ac-e0f5-4962-a8e5-6c9de698a0e3",
            "e439e635-44a1-4471-83bd-95d6904faedc",
            "fec567a2-1db8-4b7e-9e31-456938bc85c5"
          ],
          "failures": [],
          "pending": [],
          "skipped": [],
          "duration": 58378,
          "root": false,
          "rootEmpty": false,
          "_timeout": 2000
        }
      ],
      "passes": [],
      "failures": [],
      "pending": [],
      "skipped": [],
      "duration": 0,
      "root": true,
      "rootEmpty": true,
      "_timeout": 2000
    }
  ],
  "meta": {
    "mocha": {
      "version": "7.0.1"
    },
    "mochawesome": {
      "options": {
        "quiet": false,
        "reportFilename": "report",
        "saveHtml": true,
        "saveJson": true,
        "consoleReporter": "spec",
        "useInlineDiffs": false,
        "code": true
      },
      "version": "7.1.3"
    },
    "marge": {
      "options": {
        "reportDir": "cypress/reports",
        "reportFilename": "report",
        "overwrite": false,
        "html": true,
        "json": true,
        "charts": true
      },
      "version": "6.2.0"
    }
  }
}