{
  "stats": {
    "suites": 1,
    "tests": 6,
    "passes": 6,
    "pending": 0,
    "failures": 0,
    "start": "2022-05-09T07:01:13.089Z",
    "end": "2022-05-09T07:02:08.660Z",
    "duration": 55571,
    "testsRegistered": 6,
    "passPercent": 100,
    "pendingPercent": 0,
    "other": 0,
    "hasOther": false,
    "skipped": 0,
    "hasSkipped": false
  },
  "results": [
    {
      "uuid": "aa42d189-8851-4134-961a-76bc721651aa",
      "title": "",
      "fullFile": "cypress/integration/TestCase/login_Scenario.js",
      "file": "cypress/integration/TestCase/login_Scenario.js",
      "beforeHooks": [],
      "afterHooks": [],
      "tests": [],
      "suites": [
        {
          "uuid": "97d02994-b408-46f1-b8d3-1ab8d8611a8b",
          "title": "Launch App",
          "fullFile": "",
          "file": "",
          "beforeHooks": [],
          "afterHooks": [],
          "tests": [
            {
              "title": "User Should Login Case",
              "fullTitle": "Launch App User Should Login Case",
              "timedOut": null,
              "duration": 12354,
              "state": "passed",
              "speed": "slow",
              "pass": true,
              "fail": false,
              "pending": false,
              "context": null,
              "code": "cy.url().should('include', '/my-account/');\ncy.get('nav.woocommerce-MyAccount-navigation>ul>li').should('have.length', '6');",
              "err": {},
              "uuid": "e9afb223-4318-45ee-958a-d623ddb7d873",
              "parentUUID": "97d02994-b408-46f1-b8d3-1ab8d8611a8b",
              "isHook": false,
              "skipped": false
            },
            {
              "title": "Click on Address link",
              "fullTitle": "Launch App Click on Address link",
              "timedOut": null,
              "duration": 8302,
              "state": "passed",
              "speed": "medium",
              "pass": true,
              "fail": false,
              "pending": false,
              "context": null,
              "code": "cy.viewport(1920, 1080);\ncy.wait(500);\ncy.get('nav.woocommerce-MyAccount-navigation>ul>li:nth-of-type(4)>a').click().url().should('include', '/edit-address/');",
              "err": {},
              "uuid": "d0c49246-cf4f-4b25-922e-0eb76d7abff7",
              "parentUUID": "97d02994-b408-46f1-b8d3-1ab8d8611a8b",
              "isHook": false,
              "skipped": false
            },
            {
              "title": "Click on Dashboard link",
              "fullTitle": "Launch App Click on Dashboard link",
              "timedOut": null,
              "duration": 8048,
              "state": "passed",
              "speed": "medium",
              "pass": true,
              "fail": false,
              "pending": false,
              "context": null,
              "code": "cy.viewport(1920, 1080);\ncy.wait(500);\ncy.get('nav.woocommerce-MyAccount-navigation>ul>li:nth-of-type(1)>a').click().url().should('include', '/my-account/');",
              "err": {},
              "uuid": "b00d0f7c-ca36-46c2-8231-ce0efeedfd50",
              "parentUUID": "97d02994-b408-46f1-b8d3-1ab8d8611a8b",
              "isHook": false,
              "skipped": false
            },
            {
              "title": "Click on Orders link",
              "fullTitle": "Launch App Click on Orders link",
              "timedOut": null,
              "duration": 8249,
              "state": "passed",
              "speed": "medium",
              "pass": true,
              "fail": false,
              "pending": false,
              "context": null,
              "code": "cy.viewport(1920, 1080);\ncy.wait(500);\ncy.get('nav.woocommerce-MyAccount-navigation>ul>li:nth-of-type(2)>a').click().url().should('include', '/orders/');",
              "err": {},
              "uuid": "821eea6d-6d2e-4cf6-8e0e-7d95fe37726f",
              "parentUUID": "97d02994-b408-46f1-b8d3-1ab8d8611a8b",
              "isHook": false,
              "skipped": false
            },
            {
              "title": "Click on Download link",
              "fullTitle": "Launch App Click on Download link",
              "timedOut": null,
              "duration": 7759,
              "state": "passed",
              "speed": "medium",
              "pass": true,
              "fail": false,
              "pending": false,
              "context": null,
              "code": "cy.viewport(1920, 1080);\ncy.wait(500);\ncy.get('nav.woocommerce-MyAccount-navigation>ul>li:nth-of-type(3)>a').click().url().should('include', '/downloads/');",
              "err": {},
              "uuid": "973c65d5-5c9f-47b3-948a-586b067244e2",
              "parentUUID": "97d02994-b408-46f1-b8d3-1ab8d8611a8b",
              "isHook": false,
              "skipped": false
            },
            {
              "title": "Click on Download link",
              "fullTitle": "Launch App Click on Download link",
              "timedOut": null,
              "duration": 8166,
              "state": "passed",
              "speed": "medium",
              "pass": true,
              "fail": false,
              "pending": false,
              "context": null,
              "code": "cy.viewport(1920, 1080);\ncy.wait(500);\ncy.get('nav.woocommerce-MyAccount-navigation>ul>li:nth-of-type(3)>a').click().url().should('include', '/downloads/');",
              "err": {},
              "uuid": "f75e2be1-ef79-458d-a0a4-01fef384f790",
              "parentUUID": "97d02994-b408-46f1-b8d3-1ab8d8611a8b",
              "isHook": false,
              "skipped": false
            }
          ],
          "suites": [],
          "passes": [
            "e9afb223-4318-45ee-958a-d623ddb7d873",
            "d0c49246-cf4f-4b25-922e-0eb76d7abff7",
            "b00d0f7c-ca36-46c2-8231-ce0efeedfd50",
            "821eea6d-6d2e-4cf6-8e0e-7d95fe37726f",
            "973c65d5-5c9f-47b3-948a-586b067244e2",
            "f75e2be1-ef79-458d-a0a4-01fef384f790"
          ],
          "failures": [],
          "pending": [],
          "skipped": [],
          "duration": 52878,
          "root": false,
          "rootEmpty": false,
          "_timeout": 2000
        }
      ],
      "passes": [],
      "failures": [],
      "pending": [],
      "skipped": [],
      "duration": 0,
      "root": true,
      "rootEmpty": true,
      "_timeout": 2000
    }
  ],
  "meta": {
    "mocha": {
      "version": "7.0.1"
    },
    "mochawesome": {
      "options": {
        "quiet": false,
        "reportFilename": "report",
        "saveHtml": true,
        "saveJson": true,
        "consoleReporter": "spec",
        "useInlineDiffs": false,
        "code": true
      },
      "version": "7.1.3"
    },
    "marge": {
      "options": {
        "reportDir": "cypress/reports",
        "reportFilename": "report",
        "overwrite": false,
        "html": true,
        "json": true,
        "charts": true
      },
      "version": "6.2.0"
    }
  }
}