{
  "stats": {
    "suites": 1,
    "tests": 6,
    "passes": 6,
    "pending": 0,
    "failures": 0,
    "start": "2022-05-09T07:21:44.461Z",
    "end": "2022-05-09T07:22:44.511Z",
    "duration": 60050,
    "testsRegistered": 6,
    "passPercent": 100,
    "pendingPercent": 0,
    "other": 0,
    "hasOther": false,
    "skipped": 0,
    "hasSkipped": false
  },
  "results": [
    {
      "uuid": "88ed3025-5025-4da8-8790-e45e92754b78",
      "title": "",
      "fullFile": "cypress/integration/TestCase/login_Scenario.js",
      "file": "cypress/integration/TestCase/login_Scenario.js",
      "beforeHooks": [],
      "afterHooks": [],
      "tests": [],
      "suites": [
        {
          "uuid": "50cf1f57-a47c-455a-a854-6c0c256e1077",
          "title": "Launch App",
          "fullFile": "",
          "file": "",
          "beforeHooks": [],
          "afterHooks": [],
          "tests": [
            {
              "title": "User Should Login Case",
              "fullTitle": "Launch App User Should Login Case",
              "timedOut": null,
              "duration": 12835,
              "state": "passed",
              "speed": "slow",
              "pass": true,
              "fail": false,
              "pending": false,
              "context": null,
              "code": "cy.url().should('include', '/my-account/');\ncy.get('nav.woocommerce-MyAccount-navigation>ul>li').should('have.length', '6');",
              "err": {},
              "uuid": "9e811d34-a520-4200-978f-89129a59f769",
              "parentUUID": "50cf1f57-a47c-455a-a854-6c0c256e1077",
              "isHook": false,
              "skipped": false
            },
            {
              "title": "Click on Address link",
              "fullTitle": "Launch App Click on Address link",
              "timedOut": null,
              "duration": 10067,
              "state": "passed",
              "speed": "slow",
              "pass": true,
              "fail": false,
              "pending": false,
              "context": null,
              "code": "cy.viewport(1920, 1080);\ncy.wait(500);\ncy.get('nav.woocommerce-MyAccount-navigation>ul>li:nth-of-type(4)>a').click().url().should('include', '/edit-address/');",
              "err": {},
              "uuid": "7dc0e61b-7097-4d6e-86e0-c1f60ef6472a",
              "parentUUID": "50cf1f57-a47c-455a-a854-6c0c256e1077",
              "isHook": false,
              "skipped": false
            },
            {
              "title": "Click on Dashboard link",
              "fullTitle": "Launch App Click on Dashboard link",
              "timedOut": null,
              "duration": 9750,
              "state": "passed",
              "speed": "medium",
              "pass": true,
              "fail": false,
              "pending": false,
              "context": null,
              "code": "cy.viewport(1920, 1080);\ncy.wait(500);\ncy.get('nav.woocommerce-MyAccount-navigation>ul>li:nth-of-type(1)>a').click().url().should('include', '/my-account/');",
              "err": {},
              "uuid": "cfa0e19b-fb5d-4c3b-bbb2-719ae97f02cf",
              "parentUUID": "50cf1f57-a47c-455a-a854-6c0c256e1077",
              "isHook": false,
              "skipped": false
            },
            {
              "title": "Click on Orders link",
              "fullTitle": "Launch App Click on Orders link",
              "timedOut": null,
              "duration": 9099,
              "state": "passed",
              "speed": "medium",
              "pass": true,
              "fail": false,
              "pending": false,
              "context": null,
              "code": "cy.viewport(1920, 1080);\ncy.wait(500);\ncy.get('nav.woocommerce-MyAccount-navigation>ul>li:nth-of-type(2)>a').click().url().should('include', '/orders/');",
              "err": {},
              "uuid": "75817ea7-7bbc-427d-9d95-79f13a372315",
              "parentUUID": "50cf1f57-a47c-455a-a854-6c0c256e1077",
              "isHook": false,
              "skipped": false
            },
            {
              "title": "Click on Download link",
              "fullTitle": "Launch App Click on Download link",
              "timedOut": null,
              "duration": 7482,
              "state": "passed",
              "speed": "medium",
              "pass": true,
              "fail": false,
              "pending": false,
              "context": null,
              "code": "cy.viewport(1920, 1080);\ncy.wait(500);\ncy.get('nav.woocommerce-MyAccount-navigation>ul>li:nth-of-type(3)>a').click().url().should('include', '/downloads/');",
              "err": {},
              "uuid": "bc87c5fb-1a01-41cc-ba70-9fc93c4b6da5",
              "parentUUID": "50cf1f57-a47c-455a-a854-6c0c256e1077",
              "isHook": false,
              "skipped": false
            },
            {
              "title": "Click on Download link",
              "fullTitle": "Launch App Click on Download link",
              "timedOut": null,
              "duration": 7794,
              "state": "passed",
              "speed": "medium",
              "pass": true,
              "fail": false,
              "pending": false,
              "context": null,
              "code": "cy.viewport(1920, 1080);\ncy.wait(500);\ncy.get('nav.woocommerce-MyAccount-navigation>ul>li:nth-of-type(3)>a').click().url().should('include', '/downloads/');",
              "err": {},
              "uuid": "2006981f-ea28-441e-bde2-ef9084c13556",
              "parentUUID": "50cf1f57-a47c-455a-a854-6c0c256e1077",
              "isHook": false,
              "skipped": false
            }
          ],
          "suites": [],
          "passes": [
            "9e811d34-a520-4200-978f-89129a59f769",
            "7dc0e61b-7097-4d6e-86e0-c1f60ef6472a",
            "cfa0e19b-fb5d-4c3b-bbb2-719ae97f02cf",
            "75817ea7-7bbc-427d-9d95-79f13a372315",
            "bc87c5fb-1a01-41cc-ba70-9fc93c4b6da5",
            "2006981f-ea28-441e-bde2-ef9084c13556"
          ],
          "failures": [],
          "pending": [],
          "skipped": [],
          "duration": 57027,
          "root": false,
          "rootEmpty": false,
          "_timeout": 2000
        }
      ],
      "passes": [],
      "failures": [],
      "pending": [],
      "skipped": [],
      "duration": 0,
      "root": true,
      "rootEmpty": true,
      "_timeout": 2000
    }
  ],
  "meta": {
    "mocha": {
      "version": "7.0.1"
    },
    "mochawesome": {
      "options": {
        "quiet": false,
        "reportFilename": "report",
        "saveHtml": true,
        "saveJson": true,
        "consoleReporter": "spec",
        "useInlineDiffs": false,
        "code": true
      },
      "version": "7.1.3"
    },
    "marge": {
      "options": {
        "reportDir": "cypress/reports",
        "reportFilename": "report",
        "overwrite": false,
        "html": true,
        "json": true,
        "charts": true
      },
      "version": "6.2.0"
    }
  }
}