{
  "stats": {
    "suites": 1,
    "tests": 1,
    "passes": 1,
    "pending": 0,
    "failures": 0,
    "start": "2022-07-14T12:13:23.346Z",
    "end": "2022-07-14T12:13:27.363Z",
    "duration": 4017,
    "testsRegistered": 1,
    "passPercent": 100,
    "pendingPercent": 0,
    "other": 0,
    "hasOther": false,
    "skipped": 0,
    "hasSkipped": false
  },
  "results": [
    {
      "uuid": "eb1a5247-db16-482f-945b-43dd2fcc0882",
      "title": "",
      "fullFile": "cypress/e2e/sample_testcases/cypress_site.js",
      "file": "cypress/e2e/sample_testcases/cypress_site.js",
      "beforeHooks": [],
      "afterHooks": [],
      "tests": [],
      "suites": [
        {
          "uuid": "89f84abb-6c40-4202-892f-7bd337e1bef0",
          "title": "My First Test",
          "fullFile": "",
          "file": "",
          "beforeHooks": [],
          "afterHooks": [],
          "tests": [
            {
              "title": "finds the content \"type\"",
              "fullTitle": "My First Test finds the content \"type\"",
              "timedOut": null,
              "duration": 2059,
              "state": "passed",
              "speed": "fast",
              "pass": true,
              "fail": false,
              "pending": false,
              "context": null,
              "code": "cy.visit('https://example.cypress.io');\ncy.contains('type').click();\ncy.url().should('include', '/commands/actions');\ncy.get('#email1').type('fake@email.com').should('have.value', 'fake@email.com');",
              "err": {},
              "uuid": "ed6198dc-91a0-448b-a182-b646307d8f32",
              "parentUUID": "89f84abb-6c40-4202-892f-7bd337e1bef0",
              "isHook": false,
              "skipped": false
            }
          ],
          "suites": [],
          "passes": [
            "ed6198dc-91a0-448b-a182-b646307d8f32"
          ],
          "failures": [],
          "pending": [],
          "skipped": [],
          "duration": 2059,
          "root": false,
          "rootEmpty": false,
          "_timeout": 2000
        }
      ],
      "passes": [],
      "failures": [],
      "pending": [],
      "skipped": [],
      "duration": 0,
      "root": true,
      "rootEmpty": true,
      "_timeout": 2000
    }
  ],
  "meta": {
    "mocha": {
      "version": "7.0.1"
    },
    "mochawesome": {
      "options": {
        "quiet": false,
        "reportFilename": "report",
        "saveHtml": true,
        "saveJson": true,
        "consoleReporter": "spec",
        "useInlineDiffs": false,
        "code": true
      },
      "version": "7.1.3"
    },
    "marge": {
      "options": {
        "reportDir": "cypress/reports",
        "reportFilename": "report",
        "overwrite": false,
        "html": true,
        "json": true,
        "charts": true
      },
      "version": "6.2.0"
    }
  }
}